#
# There is insufficient memory for the Java Runtime Environment to continue.
# Native memory allocation (malloc) failed to allocate 1048576 bytes for AllocateHeap
# Possible reasons:
#   The system is out of physical RAM or swap space
#   The process is running with CompressedOops enabled, and the Java Heap may be blocking the growth of the native heap
# Possible solutions:
#   Reduce memory load on the system
#   Increase physical memory or swap space
#   Check if swap backing store is full
#   Decrease Java heap size (-Xmx/-Xms)
#   Decrease number of Java threads
#   Decrease Java thread stack sizes (-Xss)
#   Set larger code cache with -XX:ReservedCodeCacheSize=
#   JVM is running with Unscaled Compressed Oops mode in which the Java heap is
#     placed in the first 4GB address space. The Java Heap base address is the
#     maximum limit for the native heap growth. Please use -XX:HeapBaseMinAddress
#     to set the Java Heap base and to place the Java Heap above 4GB virtual address.
# This output file may be truncated or incomplete.
#
#  Out of Memory Error (t:/workspace/open/src/hotspot/share/memory/allocation.cpp:46), pid=2188, tid=8060
#
# JRE version: OpenJDK Runtime Environment (11.0+28) (build 11+28)
# Java VM: OpenJDK 64-Bit Server VM (11+28, mixed mode, tiered, compressed oops, g1 gc, windows-amd64)
# No core dump will be written. Minidumps are not enabled by default on client versions of Windows
#

---------------  S U M M A R Y ------------

Command Line: -Xverify:none -Dio.quarkus.force-color-support=true -Dquarkus-internal.serialized-app-model.path=C:\Users\robert\Desktop\JugglingLab\target\quarkus\bootstrap\dev-app-model.dat -javaagent:C:\Users\robert\.m2\repository\io\quarkus\quarkus-class-change-agent\2.9.1.Final\quarkus-class-change-agent-2.9.1.Final.jar -XX:TieredStopAtLevel=1 -Djava.util.logging.manager=org.jboss.logmanager.LogManager C:\Users\robert\Desktop\JugglingLab\target\juggling-dev.jar

Host: AMD A6-3420M APU with Radeon(tm) HD Graphics, 4 cores, 5G,  Windows 10 , 64 bit Build 19041 (10.0.19041.804)
Time: Mon Jun 20 22:32:33 2022 Hora oficial do Brasil elapsed time: 13 seconds (0d 0h 0m 13s)

---------------  T H R E A D  ---------------

Current thread (0x0000020f7f651800):  VMThread "VM Thread" [stack: 0x0000003dc6e00000,0x0000003dc6f00000] [id=8060]

Stack: [0x0000003dc6e00000,0x0000003dc6f00000]
[error occurred during error reporting (printing stack bounds), id 0xc0000005, EXCEPTION_ACCESS_VIOLATION (0xc0000005) at pc=0x0000020f08230bbd]

Native frames: (J=compiled Java code, j=interpreted, Vv=VM code, C=native code)
V  [jvm.dll+0x63adaa]
V  [jvm.dll+0x77852f]
V  [jvm.dll+0x779b18]
V  [jvm.dll+0x77a135]
V  [jvm.dll+0x77a0eb]
V  [jvm.dll+0x63a4a6]
V  [jvm.dll+0x63a878]
C  [ntdll.dll+0xa1f6f]
C  [ntdll.dll+0x51454]
C  [ntdll.dll+0xa0a9e]
C  0x0000020f08230bbd

VM_Operation (0x0000003dcf6fadd0): CollectForMetadataAllocation, mode: safepoint, requested by thread 0x0000020f24429000


---------------  P R O C E S S  ---------------

Threads class SMR info:
_java_thread_list=0x0000020f248834c0, length=140, elements={
0x0000020f7b4f7000, 0x0000020f7f679800, 0x0000020f7f682800, 0x0000020f7f6d7000,
0x0000020f7f6d8000, 0x0000020f7f6da000, 0x0000020f7f6dd000, 0x0000020f19461800,
0x0000020f19468800, 0x0000020f19469000, 0x0000020f19970800, 0x0000020f22e43000,
0x0000020f22f02000, 0x0000020f22f47000, 0x0000020f22f5a800, 0x0000020f2345e000,
0x0000020f23f9e800, 0x0000020f23f9f800, 0x0000020f243c5800, 0x0000020f243c6000,
0x0000020f23046000, 0x0000020f243b3000, 0x0000020f243b9000, 0x0000020f243b8000,
0x0000020f243b9800, 0x0000020f243b4000, 0x0000020f243b6800, 0x0000020f243b4800,
0x0000020f243b5800, 0x0000020f243b7000, 0x0000020f23f74800, 0x0000020f23f75000,
0x0000020f23f76000, 0x0000020f23f72800, 0x0000020f23f70000, 0x0000020f23f71000,
0x0000020f23f77000, 0x0000020f23f77800, 0x0000020f23f72000, 0x0000020f23f78800,
0x0000020f23f79000, 0x0000020f23f73800, 0x0000020f23f7b000, 0x0000020f23f7b800,
0x0000020f23f7c800, 0x0000020f23f7d800, 0x0000020f23f7a000, 0x0000020f23f7e000,
0x0000020f23f7f000, 0x0000020f23e95000, 0x0000020f23e92800, 0x0000020f23e95800,
0x0000020f23e94000, 0x0000020f23e90000, 0x0000020f23e93800, 0x0000020f23e96800,
0x0000020f23e91000, 0x0000020f23e97800, 0x0000020f23e91800, 0x0000020f23e9e000,
0x0000020f23e9c800, 0x0000020f23e9d000, 0x0000020f23e99000, 0x0000020f23e9b800,
0x0000020f23e98000, 0x0000020f23e9a000, 0x0000020f23e9a800, 0x0000020f23e9e800,
0x0000020f23ffb800, 0x0000020f23ffa800, 0x0000020f23ffa000, 0x0000020f23ffd000,
0x0000020f23ffc800, 0x0000020f23ffe000, 0x0000020f23ff8000, 0x0000020f23fff000,
0x0000020f23ff9000, 0x0000020f23fff800, 0x0000020f24004800, 0x0000020f24005800,
0x0000020f24006000, 0x0000020f24000800, 0x0000020f24007000, 0x0000020f24001000,
0x0000020f24002000, 0x0000020f24003000, 0x0000020f24003800, 0x0000020f243cc800,
0x0000020f243ca800, 0x0000020f243c7000, 0x0000020f243cd800, 0x0000020f243cc000,
0x0000020f243cb000, 0x0000020f243c8000, 0x0000020f243ce800, 0x0000020f243c9800,
0x0000020f243c8800, 0x0000020f243d4000, 0x0000020f243d3800, 0x0000020f243d0000,
0x0000020f243d5000, 0x0000020f243cf000, 0x0000020f243d5800, 0x0000020f243d2800,
0x0000020f243d1000, 0x0000020f243d1800, 0x0000020f243fa000, 0x0000020f243f5000,
0x0000020f243fb000, 0x0000020f243f9000, 0x0000020f243fb800, 0x0000020f243f6000,
0x0000020f243fc800, 0x0000020f243f6800, 0x0000020f243fd000, 0x0000020f243f7800,
0x0000020f243fe000, 0x0000020f243f8800, 0x0000020f24403000, 0x0000020f243ff000,
0x0000020f243ff800, 0x0000020f24400800, 0x0000020f24401800, 0x0000020f24403800,
0x0000020f24402000, 0x0000020f24425800, 0x0000020f24424800, 0x0000020f24426800,
0x0000020f24427000, 0x0000020f24428000, 0x0000020f24429000, 0x0000020f24423000,
0x0000020f24424000, 0x0000020f2442a800, 0x0000020f2442b000, 0x0000020f2442c000,
0x0000020f2442f800, 0x0000020f24429800, 0x0000020f24431000, 0x0000020f24430000
}

Java Threads: ( => current thread )
  0x0000020f7b4f7000 JavaThread "main" [_thread_blocked, id=3556, stack(0x0000003dc6800000,0x0000003dc6900000)]
  0x0000020f7f679800 JavaThread "Reference Handler" daemon [_thread_blocked, id=1572, stack(0x0000003dc6f00000,0x0000003dc7000000)]
  0x0000020f7f682800 JavaThread "Finalizer" daemon [_thread_blocked, id=1232, stack(0x0000003dc7000000,0x0000003dc7100000)]
  0x0000020f7f6d7000 JavaThread "Signal Dispatcher" daemon [_thread_blocked, id=3620, stack(0x0000003dc7100000,0x0000003dc7200000)]
  0x0000020f7f6d8000 JavaThread "Attach Listener" daemon [_thread_blocked, id=3964, stack(0x0000003dc7200000,0x0000003dc7300000)]
  0x0000020f7f6da000 JavaThread "C1 CompilerThread0" daemon [_thread_blocked, id=3864, stack(0x0000003dc7300000,0x0000003dc7400000)]
  0x0000020f7f6dd000 JavaThread "Sweeper thread" daemon [_thread_blocked, id=3784, stack(0x0000003dc7400000,0x0000003dc7500000)]
  0x0000020f19461800 JavaThread "Common-Cleaner" daemon [_thread_blocked, id=6348, stack(0x0000003dc7500000,0x0000003dc7600000)]
  0x0000020f19468800 JavaThread "C1 CompilerThread1" daemon [_thread_blocked, id=6392, stack(0x0000003dc7600000,0x0000003dc7700000)]
  0x0000020f19469000 JavaThread "C1 CompilerThread2" daemon [_thread_blocked, id=2768, stack(0x0000003dc7700000,0x0000003dc7800000)]
  0x0000020f19970800 JavaThread "Service Thread" daemon [_thread_blocked, id=5956, stack(0x0000003dc7800000,0x0000003dc7900000)]
  0x0000020f22e43000 JavaThread "Quarkus Devmode keep alive thread" [_thread_blocked, id=6472, stack(0x0000003dc7d00000,0x0000003dc7e00000)]
  0x0000020f22f02000 JavaThread "ForkJoinPool.commonPool-worker-3" daemon [_thread_blocked, id=7596, stack(0x0000003dc7e00000,0x0000003dc7f00000)]
  0x0000020f22f47000 JavaThread "build-1" [_thread_blocked, id=7536, stack(0x0000003dc8100000,0x0000003dc8200000)]
  0x0000020f22f5a800 JavaThread "build-2" [_thread_blocked, id=5688, stack(0x0000003dc8200000,0x0000003dc8300000)]
  0x0000020f2345e000 JavaThread "build-3" [_thread_blocked, id=5800, stack(0x0000003dc8300000,0x0000003dc8400000)]
  0x0000020f23f9e800 JavaThread "build-4" [_thread_blocked, id=6308, stack(0x0000003dc8400000,0x0000003dc8500000)]
  0x0000020f23f9f800 JavaThread "build-5" [_thread_blocked, id=2360, stack(0x0000003dc8500000,0x0000003dc8600000)]
  0x0000020f243c5800 JavaThread "build-6" [_thread_blocked, id=236, stack(0x0000003dc8600000,0x0000003dc8700000)]
  0x0000020f243c6000 JavaThread "build-7" [_thread_blocked, id=6108, stack(0x0000003dc8700000,0x0000003dc8800000)]
  0x0000020f23046000 JavaThread "build-8" [_thread_blocked, id=5616, stack(0x0000003dc8800000,0x0000003dc8900000)]
  0x0000020f243b3000 JavaThread "build-9" [_thread_blocked, id=6128, stack(0x0000003dc8900000,0x0000003dc8a00000)]
  0x0000020f243b9000 JavaThread "build-10" [_thread_blocked, id=4552, stack(0x0000003dc8a00000,0x0000003dc8b00000)]
  0x0000020f243b8000 JavaThread "build-11" [_thread_blocked, id=6464, stack(0x0000003dc8b00000,0x0000003dc8c00000)]
  0x0000020f243b9800 JavaThread "build-12" [_thread_blocked, id=7956, stack(0x0000003dc8c00000,0x0000003dc8d00000)]
  0x0000020f243b4000 JavaThread "build-13" [_thread_blocked, id=1076, stack(0x0000003dc8d00000,0x0000003dc8e00000)]
  0x0000020f243b6800 JavaThread "build-14" [_thread_blocked, id=3780, stack(0x0000003dc8e00000,0x0000003dc8f00000)]
  0x0000020f243b4800 JavaThread "build-15" [_thread_blocked, id=7528, stack(0x0000003dc8f00000,0x0000003dc9000000)]
  0x0000020f243b5800 JavaThread "build-16" [_thread_blocked, id=688, stack(0x0000003dc9000000,0x0000003dc9100000)]
  0x0000020f243b7000 JavaThread "build-17" [_thread_blocked, id=4152, stack(0x0000003dc9100000,0x0000003dc9200000)]
  0x0000020f23f74800 JavaThread "build-18" [_thread_blocked, id=1828, stack(0x0000003dc9200000,0x0000003dc9300000)]
  0x0000020f23f75000 JavaThread "build-19" [_thread_blocked, id=6888, stack(0x0000003dc9300000,0x0000003dc9400000)]
  0x0000020f23f76000 JavaThread "build-20" [_thread_blocked, id=7208, stack(0x0000003dc9400000,0x0000003dc9500000)]
  0x0000020f23f72800 JavaThread "build-21" [_thread_blocked, id=4604, stack(0x0000003dc9500000,0x0000003dc9600000)]
  0x0000020f23f70000 JavaThread "build-22" [_thread_blocked, id=2336, stack(0x0000003dc9600000,0x0000003dc9700000)]
  0x0000020f23f71000 JavaThread "build-23" [_thread_blocked, id=6448, stack(0x0000003dc9700000,0x0000003dc9800000)]
  0x0000020f23f77000 JavaThread "build-24" [_thread_blocked, id=1108, stack(0x0000003dc9800000,0x0000003dc9900000)]
  0x0000020f23f77800 JavaThread "build-25" [_thread_blocked, id=7504, stack(0x0000003dc9900000,0x0000003dc9a00000)]
  0x0000020f23f72000 JavaThread "build-26" [_thread_blocked, id=4352, stack(0x0000003dc9a00000,0x0000003dc9b00000)]
  0x0000020f23f78800 JavaThread "build-27" [_thread_blocked, id=6052, stack(0x0000003dc9b00000,0x0000003dc9c00000)]
  0x0000020f23f79000 JavaThread "build-28" [_thread_blocked, id=6880, stack(0x0000003dc9c00000,0x0000003dc9d00000)]
  0x0000020f23f73800 JavaThread "build-29" [_thread_blocked, id=2116, stack(0x0000003dc9d00000,0x0000003dc9e00000)]
  0x0000020f23f7b000 JavaThread "build-30" [_thread_blocked, id=5944, stack(0x0000003dc9e00000,0x0000003dc9f00000)]
  0x0000020f23f7b800 JavaThread "build-31" [_thread_blocked, id=6436, stack(0x0000003dc9f00000,0x0000003dca000000)]
  0x0000020f23f7c800 JavaThread "build-32" [_thread_blocked, id=7712, stack(0x0000003dca000000,0x0000003dca100000)]
  0x0000020f23f7d800 JavaThread "build-33" [_thread_blocked, id=8080, stack(0x0000003dca100000,0x0000003dca200000)]
  0x0000020f23f7a000 JavaThread "build-34" [_thread_blocked, id=2104, stack(0x0000003dca200000,0x0000003dca300000)]
  0x0000020f23f7e000 JavaThread "build-35" [_thread_blocked, id=4252, stack(0x0000003dca300000,0x0000003dca400000)]
  0x0000020f23f7f000 JavaThread "build-36" [_thread_blocked, id=6152, stack(0x0000003dca400000,0x0000003dca500000)]
  0x0000020f23e95000 JavaThread "build-37" [_thread_blocked, id=5656, stack(0x0000003dca500000,0x0000003dca600000)]
  0x0000020f23e92800 JavaThread "build-38" [_thread_blocked, id=7204, stack(0x0000003dca600000,0x0000003dca700000)]
  0x0000020f23e95800 JavaThread "build-39" [_thread_blocked, id=5836, stack(0x0000003dca700000,0x0000003dca800000)]
  0x0000020f23e94000 JavaThread "build-40" [_thread_blocked, id=7924, stack(0x0000003dca800000,0x0000003dca900000)]
  0x0000020f23e90000 JavaThread "build-41" [_thread_blocked, id=7532, stack(0x0000003dca900000,0x0000003dcaa00000)]
  0x0000020f23e93800 JavaThread "build-42" [_thread_blocked, id=3188, stack(0x0000003dcaa00000,0x0000003dcab00000)]
  0x0000020f23e96800 JavaThread "build-43" [_thread_blocked, id=3240, stack(0x0000003dcab00000,0x0000003dcac00000)]
  0x0000020f23e91000 JavaThread "build-44" [_thread_blocked, id=4528, stack(0x0000003dcac00000,0x0000003dcad00000)]
  0x0000020f23e97800 JavaThread "build-45" [_thread_blocked, id=6984, stack(0x0000003dcad00000,0x0000003dcae00000)]
  0x0000020f23e91800 JavaThread "build-46" [_thread_blocked, id=5240, stack(0x0000003dcae00000,0x0000003dcaf00000)]
  0x0000020f23e9e000 JavaThread "build-47" [_thread_blocked, id=6288, stack(0x0000003dcaf00000,0x0000003dcb000000)]
  0x0000020f23e9c800 JavaThread "build-48" [_thread_blocked, id=3168, stack(0x0000003dcb000000,0x0000003dcb100000)]
  0x0000020f23e9d000 JavaThread "build-49" [_thread_blocked, id=5492, stack(0x0000003dcb100000,0x0000003dcb200000)]
  0x0000020f23e99000 JavaThread "build-50" [_thread_blocked, id=7180, stack(0x0000003dcb200000,0x0000003dcb300000)]
  0x0000020f23e9b800 JavaThread "build-51" [_thread_blocked, id=2316, stack(0x0000003dcb300000,0x0000003dcb400000)]
  0x0000020f23e98000 JavaThread "build-52" [_thread_blocked, id=2320, stack(0x0000003dcb400000,0x0000003dcb500000)]
  0x0000020f23e9a000 JavaThread "build-53" [_thread_blocked, id=4544, stack(0x0000003dcb500000,0x0000003dcb600000)]
  0x0000020f23e9a800 JavaThread "build-54" [_thread_blocked, id=7312, stack(0x0000003dcb600000,0x0000003dcb700000)]
  0x0000020f23e9e800 JavaThread "build-55" [_thread_blocked, id=7328, stack(0x0000003dcb700000,0x0000003dcb800000)]
  0x0000020f23ffb800 JavaThread "build-56" [_thread_blocked, id=268, stack(0x0000003dcb800000,0x0000003dcb900000)]
  0x0000020f23ffa800 JavaThread "build-57" [_thread_blocked, id=7212, stack(0x0000003dcb900000,0x0000003dcba00000)]
  0x0000020f23ffa000 JavaThread "build-58" [_thread_blocked, id=4228, stack(0x0000003dcba00000,0x0000003dcbb00000)]
  0x0000020f23ffd000 JavaThread "build-59" [_thread_blocked, id=2216, stack(0x0000003dcbb00000,0x0000003dcbc00000)]
  0x0000020f23ffc800 JavaThread "build-60" [_thread_blocked, id=7644, stack(0x0000003dcbc00000,0x0000003dcbd00000)]
  0x0000020f23ffe000 JavaThread "build-61" [_thread_blocked, id=7336, stack(0x0000003dcbd00000,0x0000003dcbe00000)]
  0x0000020f23ff8000 JavaThread "build-62" [_thread_blocked, id=2376, stack(0x0000003dcbe00000,0x0000003dcbf00000)]
  0x0000020f23fff000 JavaThread "build-63" [_thread_blocked, id=2860, stack(0x0000003dcbf00000,0x0000003dcc000000)]
  0x0000020f23ff9000 JavaThread "build-64" [_thread_blocked, id=3108, stack(0x0000003dcc000000,0x0000003dcc100000)]
  0x0000020f23fff800 JavaThread "build-65" [_thread_blocked, id=5344, stack(0x0000003dcc100000,0x0000003dcc200000)]
  0x0000020f24004800 JavaThread "build-66" [_thread_blocked, id=7804, stack(0x0000003dcc200000,0x0000003dcc300000)]
  0x0000020f24005800 JavaThread "build-67" [_thread_blocked, id=7236, stack(0x0000003dcc300000,0x0000003dcc400000)]
  0x0000020f24006000 JavaThread "build-68" [_thread_blocked, id=6428, stack(0x0000003dcc400000,0x0000003dcc500000)]
  0x0000020f24000800 JavaThread "build-69" [_thread_blocked, id=2584, stack(0x0000003dcc500000,0x0000003dcc600000)]
  0x0000020f24007000 JavaThread "build-70" [_thread_blocked, id=7416, stack(0x0000003dcc600000,0x0000003dcc700000)]
  0x0000020f24001000 JavaThread "build-71" [_thread_blocked, id=1868, stack(0x0000003dcc700000,0x0000003dcc800000)]
  0x0000020f24002000 JavaThread "build-72" [_thread_blocked, id=4384, stack(0x0000003dcc800000,0x0000003dcc900000)]
  0x0000020f24003000 JavaThread "build-73" [_thread_blocked, id=5328, stack(0x0000003dcc900000,0x0000003dcca00000)]
  0x0000020f24003800 JavaThread "build-74" [_thread_blocked, id=5608, stack(0x0000003dcca00000,0x0000003dccb00000)]
  0x0000020f243cc800 JavaThread "build-75" [_thread_blocked, id=4148, stack(0x0000003dccb00000,0x0000003dccc00000)]
  0x0000020f243ca800 JavaThread "build-76" [_thread_blocked, id=1164, stack(0x0000003dccc00000,0x0000003dccd00000)]
  0x0000020f243c7000 JavaThread "build-77" [_thread_blocked, id=7660, stack(0x0000003dccd00000,0x0000003dcce00000)]
  0x0000020f243cd800 JavaThread "build-78" [_thread_blocked, id=1324, stack(0x0000003dcce00000,0x0000003dccf00000)]
  0x0000020f243cc000 JavaThread "build-79" [_thread_blocked, id=7860, stack(0x0000003dccf00000,0x0000003dcd000000)]
  0x0000020f243cb000 JavaThread "build-80" [_thread_blocked, id=5720, stack(0x0000003dcd000000,0x0000003dcd100000)]
  0x0000020f243c8000 JavaThread "build-81" [_thread_blocked, id=7072, stack(0x0000003dcd100000,0x0000003dcd200000)]
  0x0000020f243ce800 JavaThread "build-82" [_thread_blocked, id=7352, stack(0x0000003dcd200000,0x0000003dcd300000)]
  0x0000020f243c9800 JavaThread "build-83" [_thread_blocked, id=5316, stack(0x0000003dcd300000,0x0000003dcd400000)]
  0x0000020f243c8800 JavaThread "build-84" [_thread_blocked, id=2420, stack(0x0000003dcd400000,0x0000003dcd500000)]
  0x0000020f243d4000 JavaThread "build-85" [_thread_blocked, id=8040, stack(0x0000003dcd500000,0x0000003dcd600000)]
  0x0000020f243d3800 JavaThread "build-86" [_thread_blocked, id=7684, stack(0x0000003dcd600000,0x0000003dcd700000)]
  0x0000020f243d0000 JavaThread "build-87" [_thread_blocked, id=5868, stack(0x0000003dcd700000,0x0000003dcd800000)]
  0x0000020f243d5000 JavaThread "build-88" [_thread_blocked, id=7076, stack(0x0000003dcd800000,0x0000003dcd900000)]
  0x0000020f243cf000 JavaThread "build-89" [_thread_blocked, id=6844, stack(0x0000003dcd900000,0x0000003dcda00000)]
  0x0000020f243d5800 JavaThread "build-90" [_thread_blocked, id=6744, stack(0x0000003dcda00000,0x0000003dcdb00000)]
  0x0000020f243d2800 JavaThread "build-91" [_thread_blocked, id=5420, stack(0x0000003dcdb00000,0x0000003dcdc00000)]
  0x0000020f243d1000 JavaThread "build-92" [_thread_blocked, id=6856, stack(0x0000003dcdc00000,0x0000003dcdd00000)]
  0x0000020f243d1800 JavaThread "build-93" [_thread_blocked, id=3652, stack(0x0000003dcdd00000,0x0000003dcde00000)]
  0x0000020f243fa000 JavaThread "build-94" [_thread_blocked, id=2356, stack(0x0000003dcde00000,0x0000003dcdf00000)]
  0x0000020f243f5000 JavaThread "build-95" [_thread_blocked, id=7964, stack(0x0000003dcdf00000,0x0000003dce000000)]
  0x0000020f243fb000 JavaThread "build-96" [_thread_blocked, id=260, stack(0x0000003dce000000,0x0000003dce100000)]
  0x0000020f243f9000 JavaThread "build-97" [_thread_blocked, id=3164, stack(0x0000003dce100000,0x0000003dce200000)]
  0x0000020f243fb800 JavaThread "build-98" [_thread_blocked, id=5368, stack(0x0000003dce200000,0x0000003dce300000)]
  0x0000020f243f6000 JavaThread "build-99" [_thread_blocked, id=5356, stack(0x0000003dce300000,0x0000003dce400000)]
  0x0000020f243fc800 JavaThread "build-100" [_thread_blocked, id=7356, stack(0x0000003dce400000,0x0000003dce500000)]
  0x0000020f243f6800 JavaThread "build-101" [_thread_blocked, id=7200, stack(0x0000003dce500000,0x0000003dce600000)]
  0x0000020f243fd000 JavaThread "build-102" [_thread_blocked, id=5140, stack(0x0000003dce600000,0x0000003dce700000)]
  0x0000020f243f7800 JavaThread "build-103" [_thread_blocked, id=2172, stack(0x0000003dce700000,0x0000003dce800000)]
  0x0000020f243fe000 JavaThread "build-104" [_thread_blocked, id=7948, stack(0x0000003dce800000,0x0000003dce900000)]
  0x0000020f243f8800 JavaThread "build-105" [_thread_blocked, id=6048, stack(0x0000003dce900000,0x0000003dcea00000)]
  0x0000020f24403000 JavaThread "build-106" [_thread_blocked, id=5848, stack(0x0000003dcea00000,0x0000003dceb00000)]
  0x0000020f243ff000 JavaThread "build-107" [_thread_blocked, id=7812, stack(0x0000003dceb00000,0x0000003dcec00000)]
  0x0000020f243ff800 JavaThread "build-108" [_thread_blocked, id=6476, stack(0x0000003dcec00000,0x0000003dced00000)]
  0x0000020f24400800 JavaThread "build-109" [_thread_blocked, id=7824, stack(0x0000003dced00000,0x0000003dcee00000)]
  0x0000020f24401800 JavaThread "build-110" [_thread_blocked, id=7432, stack(0x0000003dcee00000,0x0000003dcef00000)]
  0x0000020f24403800 JavaThread "build-111" [_thread_blocked, id=6044, stack(0x0000003dcef00000,0x0000003dcf000000)]
  0x0000020f24402000 JavaThread "build-112" [_thread_blocked, id=7300, stack(0x0000003dcf000000,0x0000003dcf100000)]
  0x0000020f24425800 JavaThread "build-113" [_thread_blocked, id=4496, stack(0x0000003dcf100000,0x0000003dcf200000)]
  0x0000020f24424800 JavaThread "build-114" [_thread_blocked, id=2296, stack(0x0000003dcf200000,0x0000003dcf300000)]
  0x0000020f24426800 JavaThread "build-115" [_thread_blocked, id=728, stack(0x0000003dcf300000,0x0000003dcf400000)]
  0x0000020f24427000 JavaThread "build-116" [_thread_blocked, id=8196, stack(0x0000003dcf400000,0x0000003dcf500000)]
  0x0000020f24428000 JavaThread "build-117" [_thread_blocked, id=8200, stack(0x0000003dcf500000,0x0000003dcf600000)]
  0x0000020f24429000 JavaThread "build-118" [_thread_blocked, id=8204, stack(0x0000003dcf600000,0x0000003dcf700000)]
  0x0000020f24423000 JavaThread "build-119" [_thread_blocked, id=8208, stack(0x0000003dcf700000,0x0000003dcf800000)]
  0x0000020f24424000 JavaThread "build-120" [_thread_blocked, id=8212, stack(0x0000003dcf800000,0x0000003dcf900000)]
  0x0000020f2442a800 JavaThread "build-121" [_thread_blocked, id=8216, stack(0x0000003dcf900000,0x0000003dcfa00000)]
  0x0000020f2442b000 JavaThread "build-122" [_thread_blocked, id=8220, stack(0x0000003dcfa00000,0x0000003dcfb00000)]
  0x0000020f2442c000 JavaThread "build-123" [_thread_blocked, id=8260, stack(0x0000003dcfb00000,0x0000003dcfc00000)]
  0x0000020f2442f800 JavaThread "WindowsStreamPump" daemon [_thread_in_native, id=8312, stack(0x0000003dcfc00000,0x0000003dcfd00000)]
  0x0000020f24429800 JavaThread "Aesh InputStream Reader" daemon [_thread_blocked, id=8320, stack(0x0000003dcfd00000,0x0000003dcfe00000)]
  0x0000020f24431000 JavaThread "vertx-blocked-thread-checker" daemon [_thread_blocked, id=8484, stack(0x0000003dcfe00000,0x0000003dcff00000)]
  0x0000020f24430000 JavaThread "Thread-124" daemon [_thread_in_native, id=8488, stack(0x0000003dcff00000,0x0000003dd0000000)]

Other Threads:
=>0x0000020f7f651800 VMThread "VM Thread" [stack: 0x0000003dc6e00000,0x0000003dc6f00000] [id=8060]
  0x0000020f19975800 WatcherThread [stack: 0x0000003dc7900000,0x0000003dc7a00000] [id=7044]
  0x0000020f7b50b800 GCTaskThread "GC Thread#0" [stack: 0x0000003dc6900000,0x0000003dc6a00000] [id=5796]
  0x0000020f19bfd800 GCTaskThread "GC Thread#1" [stack: 0x0000003dc7a00000,0x0000003dc7b00000] [id=7288]
  0x0000020f2321a000 GCTaskThread "GC Thread#2" [stack: 0x0000003dc7f00000,0x0000003dc8000000] [id=6884]
  0x0000020f23242800 GCTaskThread "GC Thread#3" [stack: 0x0000003dc8000000,0x0000003dc8100000] [id=1620]
  0x0000020f7b52f000 ConcurrentGCThread "G1 Main Marker" [stack: 0x0000003dc6a00000,0x0000003dc6b00000] [id=8056]
  0x0000020f7b530800 ConcurrentGCThread "G1 Conc#0" [stack: 0x0000003dc6b00000,0x0000003dc6c00000] [id=6284]
  0x0000020f7b58f800 ConcurrentGCThread "G1 Refine#0" [stack: 0x0000003dc6c00000,0x0000003dc6d00000] [id=2736]
  0x0000020f22bda800 ConcurrentGCThread "G1 Refine#1" [stack: 0x0000003dc7b00000,0x0000003dc7c00000] [id=1988]
  0x0000020f22bdb000 ConcurrentGCThread "G1 Refine#2" [stack: 0x0000003dc7c00000,0x0000003dc7d00000] [id=1788]
  0x0000020f7b590800 ConcurrentGCThread "G1 Young RemSet Sampling" [stack: 0x0000003dc6d00000,0x0000003dc6e00000] [id=8088]

Threads with active compile tasks:

VM state:at safepoint (normal execution)

VM Mutex/Monitor currently owned by a thread:  ([mutex/lock_event])
[0x0000020f7b4ef4b0] Threads_lock - owner thread: 0x0000020f7f651800
[0x0000020f7b4f4610] Heap_lock - owner thread: 0x0000020f24429000

Heap address: 0x00000000a8400000, size: 1404 MB, Compressed Oops mode: 32-bit
Narrow klass base: 0x0000000000000000, Narrow klass shift: 3
Compressed class space size: 1073741824 Address: 0x0000000100000000

Heap:
 garbage-first heap   total 190464K, used 66120K [0x00000000a8400000, 0x0000000100000000)
  region size 1024K, 7 young (7168K), 5 survivors (5120K)
 Metaspace       used 42937K, capacity 44917K, committed 45056K, reserved 1107968K
  class space    used 5539K, capacity 6294K, committed 6400K, reserved 1048576K
Heap Regions: E=young(eden), S=young(survivor), O=old, HS=humongous(starts), HC=humongous(continues), CS=collection set, F=free, A=archive, TAMS=top-at-mark-start (previous, next)
|   0|0x00000000a8400000, 0x00000000a8500000, 0x00000000a8500000|100%| O|  |TAMS 0x00000000a8500000, 0x00000000a8500000| Untracked 
|   1|0x00000000a8500000, 0x00000000a8600000, 0x00000000a8600000|100%| O|  |TAMS 0x00000000a8600000, 0x00000000a8600000| Untracked 
|   2|0x00000000a8600000, 0x00000000a8700000, 0x00000000a8700000|100%| O|  |TAMS 0x00000000a8700000, 0x00000000a8700000| Untracked 
|   3|0x00000000a8700000, 0x00000000a8800000, 0x00000000a8800000|100%|HS|  |TAMS 0x00000000a8800000, 0x00000000a8800000| Complete 
|   4|0x00000000a8800000, 0x00000000a8900000, 0x00000000a8900000|100%| O|  |TAMS 0x00000000a8900000, 0x00000000a8900000| Untracked 
|   5|0x00000000a8900000, 0x00000000a8a00000, 0x00000000a8a00000|100%| O|  |TAMS 0x00000000a8a00000, 0x00000000a8a00000| Untracked 
|   6|0x00000000a8a00000, 0x00000000a8b00000, 0x00000000a8b00000|100%| O|  |TAMS 0x00000000a8b00000, 0x00000000a8b00000| Untracked 
|   7|0x00000000a8b00000, 0x00000000a8c00000, 0x00000000a8c00000|100%| O|  |TAMS 0x00000000a8c00000, 0x00000000a8c00000| Untracked 
|   8|0x00000000a8c00000, 0x00000000a8d00000, 0x00000000a8d00000|100%| O|  |TAMS 0x00000000a8d00000, 0x00000000a8d00000| Untracked 
|   9|0x00000000a8d00000, 0x00000000a8e00000, 0x00000000a8e00000|100%| O|  |TAMS 0x00000000a8e00000, 0x00000000a8e00000| Untracked 
|  10|0x00000000a8e00000, 0x00000000a8f00000, 0x00000000a8f00000|100%| O|  |TAMS 0x00000000a8f00000, 0x00000000a8f00000| Untracked 
|  11|0x00000000a8f00000, 0x00000000a9000000, 0x00000000a9000000|100%|HS|  |TAMS 0x00000000a9000000, 0x00000000a9000000| Complete 
|  12|0x00000000a9000000, 0x00000000a9100000, 0x00000000a9100000|100%|HC|  |TAMS 0x00000000a9100000, 0x00000000a9100000| Complete 
|  13|0x00000000a9100000, 0x00000000a9200000, 0x00000000a9200000|100%| O|  |TAMS 0x00000000a9200000, 0x00000000a9200000| Untracked 
|  14|0x00000000a9200000, 0x00000000a9300000, 0x00000000a9300000|100%| O|  |TAMS 0x00000000a9300000, 0x00000000a9300000| Untracked 
|  15|0x00000000a9300000, 0x00000000a9400000, 0x00000000a9400000|100%| O|  |TAMS 0x00000000a9400000, 0x00000000a9400000| Untracked 
|  16|0x00000000a9400000, 0x00000000a9500000, 0x00000000a9500000|100%| O|  |TAMS 0x00000000a9500000, 0x00000000a9500000| Untracked 
|  17|0x00000000a9500000, 0x00000000a9600000, 0x00000000a9600000|100%| O|  |TAMS 0x00000000a9600000, 0x00000000a9600000| Untracked 
|  18|0x00000000a9600000, 0x00000000a9700000, 0x00000000a9700000|100%| O|  |TAMS 0x00000000a9700000, 0x00000000a9700000| Untracked 
|  19|0x00000000a9700000, 0x00000000a9800000, 0x00000000a9800000|100%| O|  |TAMS 0x00000000a9800000, 0x00000000a9800000| Untracked 
|  20|0x00000000a9800000, 0x00000000a9900000, 0x00000000a9900000|100%| O|  |TAMS 0x00000000a9900000, 0x00000000a9900000| Untracked 
|  21|0x00000000a9900000, 0x00000000a9a00000, 0x00000000a9a00000|100%| O|  |TAMS 0x00000000a9a00000, 0x00000000a9a00000| Untracked 
|  22|0x00000000a9a00000, 0x00000000a9b00000, 0x00000000a9b00000|100%| O|  |TAMS 0x00000000a9b00000, 0x00000000a9b00000| Untracked 
|  23|0x00000000a9b00000, 0x00000000a9c00000, 0x00000000a9c00000|100%| O|  |TAMS 0x00000000a9c00000, 0x00000000a9c00000| Untracked 
|  24|0x00000000a9c00000, 0x00000000a9d00000, 0x00000000a9d00000|100%| O|  |TAMS 0x00000000a9d00000, 0x00000000a9d00000| Untracked 
|  25|0x00000000a9d00000, 0x00000000a9e00000, 0x00000000a9e00000|100%| O|  |TAMS 0x00000000a9e00000, 0x00000000a9e00000| Untracked 
|  26|0x00000000a9e00000, 0x00000000a9f00000, 0x00000000a9f00000|100%| O|  |TAMS 0x00000000a9f00000, 0x00000000a9f00000| Untracked 
|  27|0x00000000a9f00000, 0x00000000aa000000, 0x00000000aa000000|100%| O|  |TAMS 0x00000000aa000000, 0x00000000aa000000| Untracked 
|  28|0x00000000aa000000, 0x00000000aa100000, 0x00000000aa100000|100%| O|  |TAMS 0x00000000aa100000, 0x00000000aa100000| Untracked 
|  29|0x00000000aa100000, 0x00000000aa200000, 0x00000000aa200000|100%| O|  |TAMS 0x00000000aa200000, 0x00000000aa200000| Untracked 
|  30|0x00000000aa200000, 0x00000000aa300000, 0x00000000aa300000|100%| O|  |TAMS 0x00000000aa2bb600, 0x00000000aa300000| Untracked 
|  31|0x00000000aa300000, 0x00000000aa400000, 0x00000000aa400000|100%| O|  |TAMS 0x00000000aa400000, 0x00000000aa400000| Untracked 
|  32|0x00000000aa400000, 0x00000000aa500000, 0x00000000aa500000|100%| O|  |TAMS 0x00000000aa400000, 0x00000000aa500000| Untracked 
|  33|0x00000000aa500000, 0x00000000aa600000, 0x00000000aa600000|100%|HS|  |TAMS 0x00000000aa600000, 0x00000000aa600000| Complete 
|  34|0x00000000aa600000, 0x00000000aa700000, 0x00000000aa700000|100%| O|  |TAMS 0x00000000aa700000, 0x00000000aa700000| Untracked 
|  35|0x00000000aa700000, 0x00000000aa800000, 0x00000000aa800000|100%| O|  |TAMS 0x00000000aa800000, 0x00000000aa800000| Untracked 
|  36|0x00000000aa800000, 0x00000000aa900000, 0x00000000aa900000|100%| O|  |TAMS 0x00000000aa900000, 0x00000000aa900000| Untracked 
|  37|0x00000000aa900000, 0x00000000aaa00000, 0x00000000aaa00000|100%| O|  |TAMS 0x00000000aaa00000, 0x00000000aaa00000| Untracked 
|  38|0x00000000aaa00000, 0x00000000aab00000, 0x00000000aab00000|100%| O|  |TAMS 0x00000000aab00000, 0x00000000aab00000| Untracked 
|  39|0x00000000aab00000, 0x00000000aac00000, 0x00000000aac00000|100%| O|  |TAMS 0x00000000aac00000, 0x00000000aac00000| Untracked 
|  40|0x00000000aac00000, 0x00000000aad00000, 0x00000000aad00000|100%| O|  |TAMS 0x00000000aad00000, 0x00000000aad00000| Untracked 
|  41|0x00000000aad00000, 0x00000000aae00000, 0x00000000aae00000|100%| O|  |TAMS 0x00000000aae00000, 0x00000000aae00000| Untracked 
|  42|0x00000000aae00000, 0x00000000aaf00000, 0x00000000aaf00000|100%| O|  |TAMS 0x00000000aaf00000, 0x00000000aaf00000| Untracked 
|  43|0x00000000aaf00000, 0x00000000ab000000, 0x00000000ab000000|100%| O|  |TAMS 0x00000000ab000000, 0x00000000ab000000| Untracked 
|  44|0x00000000ab000000, 0x00000000ab100000, 0x00000000ab100000|100%| O|  |TAMS 0x00000000ab100000, 0x00000000ab100000| Untracked 
|  45|0x00000000ab100000, 0x00000000ab200000, 0x00000000ab200000|100%| O|  |TAMS 0x00000000ab200000, 0x00000000ab200000| Untracked 
|  46|0x00000000ab200000, 0x00000000ab300000, 0x00000000ab300000|100%| O|  |TAMS 0x00000000ab300000, 0x00000000ab300000| Untracked 
|  47|0x00000000ab300000, 0x00000000ab400000, 0x00000000ab400000|100%| O|  |TAMS 0x00000000ab400000, 0x00000000ab400000| Untracked 
|  48|0x00000000ab400000, 0x00000000ab500000, 0x00000000ab500000|100%| O|  |TAMS 0x00000000ab500000, 0x00000000ab500000| Untracked 
|  49|0x00000000ab500000, 0x00000000ab600000, 0x00000000ab600000|100%| O|  |TAMS 0x00000000ab500000, 0x00000000ab600000| Untracked 
|  50|0x00000000ab600000, 0x00000000ab700000, 0x00000000ab700000|100%| O|  |TAMS 0x00000000ab600000, 0x00000000ab700000| Untracked 
|  51|0x00000000ab700000, 0x00000000ab800000, 0x00000000ab800000|100%| O|  |TAMS 0x00000000ab700000, 0x00000000ab800000| Untracked 
|  52|0x00000000ab800000, 0x00000000ab900000, 0x00000000ab900000|100%| O|  |TAMS 0x00000000ab800000, 0x00000000ab900000| Untracked 
|  53|0x00000000ab900000, 0x00000000aba00000, 0x00000000aba00000|100%| O|  |TAMS 0x00000000ab900000, 0x00000000aba00000| Untracked 
|  54|0x00000000aba00000, 0x00000000abb00000, 0x00000000abb00000|100%| O|  |TAMS 0x00000000aba00000, 0x00000000abb00000| Untracked 
|  55|0x00000000abb00000, 0x00000000abc00000, 0x00000000abc00000|100%| O|  |TAMS 0x00000000abb00000, 0x00000000abc00000| Untracked 
|  56|0x00000000abc00000, 0x00000000abd00000, 0x00000000abd00000|100%| O|  |TAMS 0x00000000abc00000, 0x00000000abd00000| Untracked 
|  57|0x00000000abd00000, 0x00000000abe00000, 0x00000000abe00000|100%| O|  |TAMS 0x00000000abd00000, 0x00000000abe00000| Untracked 
|  58|0x00000000abe00000, 0x00000000abeec800, 0x00000000abf00000| 92%| O|  |TAMS 0x00000000abe00000, 0x00000000abeec800| Untracked 
|  59|0x00000000abf00000, 0x00000000abf00000, 0x00000000ac000000|  0%| F|  |TAMS 0x00000000abf00000, 0x00000000abf00000| Untracked 
|  60|0x00000000ac000000, 0x00000000ac000000, 0x00000000ac100000|  0%| F|  |TAMS 0x00000000ac000000, 0x00000000ac000000| Untracked 
|  61|0x00000000ac100000, 0x00000000ac100000, 0x00000000ac200000|  0%| F|  |TAMS 0x00000000ac100000, 0x00000000ac100000| Untracked 
|  62|0x00000000ac200000, 0x00000000ac200000, 0x00000000ac300000|  0%| F|  |TAMS 0x00000000ac200000, 0x00000000ac200000| Untracked 
|  63|0x00000000ac300000, 0x00000000ac300000, 0x00000000ac400000|  0%| F|  |TAMS 0x00000000ac300000, 0x00000000ac300000| Untracked 
|  64|0x00000000ac400000, 0x00000000ac400000, 0x00000000ac500000|  0%| F|  |TAMS 0x00000000ac400000, 0x00000000ac400000| Untracked 
|  65|0x00000000ac500000, 0x00000000ac500000, 0x00000000ac600000|  0%| F|  |TAMS 0x00000000ac500000, 0x00000000ac500000| Untracked 
|  66|0x00000000ac600000, 0x00000000ac600000, 0x00000000ac700000|  0%| F|  |TAMS 0x00000000ac600000, 0x00000000ac600000| Untracked 
|  67|0x00000000ac700000, 0x00000000ac700000, 0x00000000ac800000|  0%| F|  |TAMS 0x00000000ac700000, 0x00000000ac700000| Untracked 
|  68|0x00000000ac800000, 0x00000000ac800000, 0x00000000ac900000|  0%| F|  |TAMS 0x00000000ac800000, 0x00000000ac800000| Untracked 
|  69|0x00000000ac900000, 0x00000000ac900000, 0x00000000aca00000|  0%| F|  |TAMS 0x00000000ac900000, 0x00000000ac900000| Untracked 
|  70|0x00000000aca00000, 0x00000000aca00000, 0x00000000acb00000|  0%| F|  |TAMS 0x00000000aca00000, 0x00000000aca00000| Untracked 
|  71|0x00000000acb00000, 0x00000000acb00000, 0x00000000acc00000|  0%| F|  |TAMS 0x00000000acb00000, 0x00000000acb00000| Untracked 
|  72|0x00000000acc00000, 0x00000000acc00000, 0x00000000acd00000|  0%| F|  |TAMS 0x00000000acc00000, 0x00000000acc00000| Untracked 
|  73|0x00000000acd00000, 0x00000000acd00000, 0x00000000ace00000|  0%| F|  |TAMS 0x00000000acd00000, 0x00000000acd00000| Untracked 
|  74|0x00000000ace00000, 0x00000000ace00000, 0x00000000acf00000|  0%| F|  |TAMS 0x00000000ace00000, 0x00000000ace00000| Untracked 
|  75|0x00000000acf00000, 0x00000000acf00000, 0x00000000ad000000|  0%| F|  |TAMS 0x00000000acf00000, 0x00000000acf00000| Untracked 
|  76|0x00000000ad000000, 0x00000000ad000000, 0x00000000ad100000|  0%| F|  |TAMS 0x00000000ad000000, 0x00000000ad000000| Untracked 
|  77|0x00000000ad100000, 0x00000000ad100000, 0x00000000ad200000|  0%| F|  |TAMS 0x00000000ad100000, 0x00000000ad100000| Untracked 
|  78|0x00000000ad200000, 0x00000000ad200000, 0x00000000ad300000|  0%| F|  |TAMS 0x00000000ad200000, 0x00000000ad200000| Untracked 
|  79|0x00000000ad300000, 0x00000000ad300000, 0x00000000ad400000|  0%| F|  |TAMS 0x00000000ad300000, 0x00000000ad300000| Untracked 
|  80|0x00000000ad400000, 0x00000000ad400000, 0x00000000ad500000|  0%| F|  |TAMS 0x00000000ad400000, 0x00000000ad400000| Untracked 
|  81|0x00000000ad500000, 0x00000000ad500000, 0x00000000ad600000|  0%| F|  |TAMS 0x00000000ad500000, 0x00000000ad500000| Untracked 
|  82|0x00000000ad600000, 0x00000000ad600000, 0x00000000ad700000|  0%| F|  |TAMS 0x00000000ad600000, 0x00000000ad600000| Untracked 
|  83|0x00000000ad700000, 0x00000000ad700000, 0x00000000ad800000|  0%| F|  |TAMS 0x00000000ad700000, 0x00000000ad700000| Untracked 
|  84|0x00000000ad800000, 0x00000000ad800000, 0x00000000ad900000|  0%| F|  |TAMS 0x00000000ad800000, 0x00000000ad800000| Untracked 
|  85|0x00000000ad900000, 0x00000000ad900000, 0x00000000ada00000|  0%| F|  |TAMS 0x00000000ad900000, 0x00000000ad900000| Untracked 
|  86|0x00000000ada00000, 0x00000000ada00000, 0x00000000adb00000|  0%| F|  |TAMS 0x00000000ada00000, 0x00000000ada00000| Untracked 
|  87|0x00000000adb00000, 0x00000000adb00000, 0x00000000adc00000|  0%| F|  |TAMS 0x00000000adb00000, 0x00000000adb00000| Untracked 
|  88|0x00000000adc00000, 0x00000000adc00000, 0x00000000add00000|  0%| F|  |TAMS 0x00000000adc00000, 0x00000000adc00000| Untracked 
|  89|0x00000000add00000, 0x00000000add00000, 0x00000000ade00000|  0%| F|  |TAMS 0x00000000add00000, 0x00000000add00000| Untracked 
|  90|0x00000000ade00000, 0x00000000ade00000, 0x00000000adf00000|  0%| F|  |TAMS 0x00000000ade00000, 0x00000000ade00000| Untracked 
|  91|0x00000000adf00000, 0x00000000adf00000, 0x00000000ae000000|  0%| F|  |TAMS 0x00000000adf00000, 0x00000000adf00000| Untracked 
|  92|0x00000000ae000000, 0x00000000ae000000, 0x00000000ae100000|  0%| F|  |TAMS 0x00000000ae000000, 0x00000000ae000000| Untracked 
|  93|0x00000000ae100000, 0x00000000ae100000, 0x00000000ae200000|  0%| F|  |TAMS 0x00000000ae100000, 0x00000000ae100000| Untracked 
|  94|0x00000000ae200000, 0x00000000ae200000, 0x00000000ae300000|  0%| F|  |TAMS 0x00000000ae200000, 0x00000000ae200000| Untracked 
|  95|0x00000000ae300000, 0x00000000ae300000, 0x00000000ae400000|  0%| F|  |TAMS 0x00000000ae300000, 0x00000000ae300000| Untracked 
|  96|0x00000000ae400000, 0x00000000ae400000, 0x00000000ae500000|  0%| F|  |TAMS 0x00000000ae400000, 0x00000000ae400000| Untracked 
|  97|0x00000000ae500000, 0x00000000ae5a5840, 0x00000000ae600000| 64%| S|CS|TAMS 0x00000000ae500000, 0x00000000ae500000| Complete 
|  98|0x00000000ae600000, 0x00000000ae700000, 0x00000000ae700000|100%| S|CS|TAMS 0x00000000ae600000, 0x00000000ae600000| Complete 
|  99|0x00000000ae700000, 0x00000000ae800000, 0x00000000ae800000|100%| S|CS|TAMS 0x00000000ae700000, 0x00000000ae700000| Complete 
| 100|0x00000000ae800000, 0x00000000ae900000, 0x00000000ae900000|100%| S|CS|TAMS 0x00000000ae800000, 0x00000000ae800000| Complete 
| 101|0x00000000ae900000, 0x00000000aea00000, 0x00000000aea00000|100%| S|CS|TAMS 0x00000000ae900000, 0x00000000ae900000| Complete 
| 102|0x00000000aea00000, 0x00000000aea00000, 0x00000000aeb00000|  0%| F|  |TAMS 0x00000000aea00000, 0x00000000aea00000| Untracked 
| 103|0x00000000aeb00000, 0x00000000aeb00000, 0x00000000aec00000|  0%| F|  |TAMS 0x00000000aeb00000, 0x00000000aeb00000| Untracked 
| 104|0x00000000aec00000, 0x00000000aec00000, 0x00000000aed00000|  0%| F|  |TAMS 0x00000000aec00000, 0x00000000aec00000| Untracked 
| 105|0x00000000aed00000, 0x00000000aed00000, 0x00000000aee00000|  0%| F|  |TAMS 0x00000000aed00000, 0x00000000aed00000| Untracked 
| 106|0x00000000aee00000, 0x00000000aee00000, 0x00000000aef00000|  0%| F|  |TAMS 0x00000000aee00000, 0x00000000aee00000| Untracked 
| 107|0x00000000aef00000, 0x00000000aef00000, 0x00000000af000000|  0%| F|  |TAMS 0x00000000aef00000, 0x00000000aef00000| Untracked 
| 108|0x00000000af000000, 0x00000000af000000, 0x00000000af100000|  0%| F|  |TAMS 0x00000000af000000, 0x00000000af000000| Untracked 
| 109|0x00000000af100000, 0x00000000af100000, 0x00000000af200000|  0%| F|  |TAMS 0x00000000af100000, 0x00000000af100000| Untracked 
| 110|0x00000000af200000, 0x00000000af200000, 0x00000000af300000|  0%| F|  |TAMS 0x00000000af200000, 0x00000000af200000| Untracked 
| 111|0x00000000af300000, 0x00000000af300000, 0x00000000af400000|  0%| F|  |TAMS 0x00000000af300000, 0x00000000af300000| Untracked 
| 112|0x00000000af400000, 0x00000000af400000, 0x00000000af500000|  0%| F|  |TAMS 0x00000000af400000, 0x00000000af400000| Untracked 
| 113|0x00000000af500000, 0x00000000af500000, 0x00000000af600000|  0%| F|  |TAMS 0x00000000af500000, 0x00000000af500000| Untracked 
| 114|0x00000000af600000, 0x00000000af600000, 0x00000000af700000|  0%| F|  |TAMS 0x00000000af600000, 0x00000000af600000| Untracked 
| 115|0x00000000af700000, 0x00000000af700000, 0x00000000af800000|  0%| F|  |TAMS 0x00000000af700000, 0x00000000af700000| Untracked 
| 116|0x00000000af800000, 0x00000000af800000, 0x00000000af900000|  0%| F|  |TAMS 0x00000000af800000, 0x00000000af800000| Untracked 
| 117|0x00000000af900000, 0x00000000af900000, 0x00000000afa00000|  0%| F|  |TAMS 0x00000000af900000, 0x00000000af900000| Untracked 
| 118|0x00000000afa00000, 0x00000000afa00000, 0x00000000afb00000|  0%| F|  |TAMS 0x00000000afa00000, 0x00000000afa00000| Untracked 
| 119|0x00000000afb00000, 0x00000000afb00000, 0x00000000afc00000|  0%| F|  |TAMS 0x00000000afb00000, 0x00000000afb00000| Untracked 
| 120|0x00000000afc00000, 0x00000000afc00000, 0x00000000afd00000|  0%| F|  |TAMS 0x00000000afc00000, 0x00000000afc00000| Untracked 
| 121|0x00000000afd00000, 0x00000000afd00000, 0x00000000afe00000|  0%| F|  |TAMS 0x00000000afd00000, 0x00000000afd00000| Untracked 
| 122|0x00000000afe00000, 0x00000000afe00000, 0x00000000aff00000|  0%| F|  |TAMS 0x00000000afe00000, 0x00000000afe00000| Untracked 
| 123|0x00000000aff00000, 0x00000000aff00000, 0x00000000b0000000|  0%| F|  |TAMS 0x00000000aff00000, 0x00000000aff00000| Untracked 
| 124|0x00000000b0000000, 0x00000000b0000000, 0x00000000b0100000|  0%| F|  |TAMS 0x00000000b0000000, 0x00000000b0000000| Untracked 
| 125|0x00000000b0100000, 0x00000000b0100000, 0x00000000b0200000|  0%| F|  |TAMS 0x00000000b0100000, 0x00000000b0100000| Untracked 
| 126|0x00000000b0200000, 0x00000000b0200000, 0x00000000b0300000|  0%| F|  |TAMS 0x00000000b0200000, 0x00000000b0200000| Untracked 
| 127|0x00000000b0300000, 0x00000000b0300000, 0x00000000b0400000|  0%| F|  |TAMS 0x00000000b0300000, 0x00000000b0300000| Untracked 
| 128|0x00000000b0400000, 0x00000000b0400000, 0x00000000b0500000|  0%| F|  |TAMS 0x00000000b0400000, 0x00000000b0400000| Untracked 
| 129|0x00000000b0500000, 0x00000000b0500000, 0x00000000b0600000|  0%| F|  |TAMS 0x00000000b0500000, 0x00000000b0500000| Untracked 
| 130|0x00000000b0600000, 0x00000000b0600000, 0x00000000b0700000|  0%| F|  |TAMS 0x00000000b0600000, 0x00000000b0600000| Untracked 
| 131|0x00000000b0700000, 0x00000000b0700000, 0x00000000b0800000|  0%| F|  |TAMS 0x00000000b0700000, 0x00000000b0700000| Untracked 
| 132|0x00000000b0800000, 0x00000000b0800000, 0x00000000b0900000|  0%| F|  |TAMS 0x00000000b0800000, 0x00000000b0800000| Untracked 
| 133|0x00000000b0900000, 0x00000000b0900000, 0x00000000b0a00000|  0%| F|  |TAMS 0x00000000b0900000, 0x00000000b0900000| Untracked 
| 134|0x00000000b0a00000, 0x00000000b0a00000, 0x00000000b0b00000|  0%| F|  |TAMS 0x00000000b0a00000, 0x00000000b0a00000| Untracked 
| 135|0x00000000b0b00000, 0x00000000b0b00000, 0x00000000b0c00000|  0%| F|  |TAMS 0x00000000b0b00000, 0x00000000b0b00000| Untracked 
| 136|0x00000000b0c00000, 0x00000000b0c00000, 0x00000000b0d00000|  0%| F|  |TAMS 0x00000000b0c00000, 0x00000000b0c00000| Untracked 
| 137|0x00000000b0d00000, 0x00000000b0d00000, 0x00000000b0e00000|  0%| F|  |TAMS 0x00000000b0d00000, 0x00000000b0d00000| Untracked 
| 138|0x00000000b0e00000, 0x00000000b0e00000, 0x00000000b0f00000|  0%| F|  |TAMS 0x00000000b0e00000, 0x00000000b0e00000| Untracked 
| 139|0x00000000b0f00000, 0x00000000b0f00000, 0x00000000b1000000|  0%| F|  |TAMS 0x00000000b0f00000, 0x00000000b0f00000| Untracked 
| 140|0x00000000b1000000, 0x00000000b1000000, 0x00000000b1100000|  0%| F|  |TAMS 0x00000000b1000000, 0x00000000b1000000| Untracked 
| 141|0x00000000b1100000, 0x00000000b1100000, 0x00000000b1200000|  0%| F|  |TAMS 0x00000000b1100000, 0x00000000b1100000| Untracked 
| 142|0x00000000b1200000, 0x00000000b1200000, 0x00000000b1300000|  0%| F|  |TAMS 0x00000000b1200000, 0x00000000b1200000| Untracked 
| 143|0x00000000b1300000, 0x00000000b1300000, 0x00000000b1400000|  0%| F|  |TAMS 0x00000000b1300000, 0x00000000b1300000| Untracked 
| 144|0x00000000b1400000, 0x00000000b1400000, 0x00000000b1500000|  0%| F|  |TAMS 0x00000000b1400000, 0x00000000b1400000| Untracked 
| 145|0x00000000b1500000, 0x00000000b1500000, 0x00000000b1600000|  0%| F|  |TAMS 0x00000000b1500000, 0x00000000b1500000| Untracked 
| 146|0x00000000b1600000, 0x00000000b1600000, 0x00000000b1700000|  0%| F|  |TAMS 0x00000000b1600000, 0x00000000b1600000| Untracked 
| 147|0x00000000b1700000, 0x00000000b1700000, 0x00000000b1800000|  0%| F|  |TAMS 0x00000000b1700000, 0x00000000b1700000| Untracked 
| 148|0x00000000b1800000, 0x00000000b1800000, 0x00000000b1900000|  0%| F|  |TAMS 0x00000000b1800000, 0x00000000b1800000| Untracked 
| 149|0x00000000b1900000, 0x00000000b1900000, 0x00000000b1a00000|  0%| F|  |TAMS 0x00000000b1900000, 0x00000000b1900000| Untracked 
| 150|0x00000000b1a00000, 0x00000000b1a00000, 0x00000000b1b00000|  0%| F|  |TAMS 0x00000000b1a00000, 0x00000000b1a00000| Untracked 
| 151|0x00000000b1b00000, 0x00000000b1b00000, 0x00000000b1c00000|  0%| F|  |TAMS 0x00000000b1b00000, 0x00000000b1b00000| Untracked 
| 152|0x00000000b1c00000, 0x00000000b1c00000, 0x00000000b1d00000|  0%| F|  |TAMS 0x00000000b1c00000, 0x00000000b1c00000| Untracked 
| 153|0x00000000b1d00000, 0x00000000b1d00000, 0x00000000b1e00000|  0%| F|  |TAMS 0x00000000b1d00000, 0x00000000b1d00000| Untracked 
| 154|0x00000000b1e00000, 0x00000000b1e00000, 0x00000000b1f00000|  0%| F|  |TAMS 0x00000000b1e00000, 0x00000000b1e00000| Untracked 
| 155|0x00000000b1f00000, 0x00000000b1f00000, 0x00000000b2000000|  0%| F|  |TAMS 0x00000000b1f00000, 0x00000000b1f00000| Untracked 
| 156|0x00000000b2000000, 0x00000000b2000000, 0x00000000b2100000|  0%| F|  |TAMS 0x00000000b2000000, 0x00000000b2000000| Untracked 
| 157|0x00000000b2100000, 0x00000000b2100000, 0x00000000b2200000|  0%| F|  |TAMS 0x00000000b2100000, 0x00000000b2100000| Untracked 
| 158|0x00000000b2200000, 0x00000000b2200000, 0x00000000b2300000|  0%| F|  |TAMS 0x00000000b2200000, 0x00000000b2200000| Untracked 
| 159|0x00000000b2300000, 0x00000000b2300000, 0x00000000b2400000|  0%| F|  |TAMS 0x00000000b2300000, 0x00000000b2300000| Untracked 
| 160|0x00000000b2400000, 0x00000000b2400000, 0x00000000b2500000|  0%| F|  |TAMS 0x00000000b2400000, 0x00000000b2400000| Untracked 
| 161|0x00000000b2500000, 0x00000000b2500000, 0x00000000b2600000|  0%| F|  |TAMS 0x00000000b2500000, 0x00000000b2500000| Untracked 
| 162|0x00000000b2600000, 0x00000000b2600000, 0x00000000b2700000|  0%| F|  |TAMS 0x00000000b2600000, 0x00000000b2600000| Untracked 
| 163|0x00000000b2700000, 0x00000000b2700000, 0x00000000b2800000|  0%| F|  |TAMS 0x00000000b2700000, 0x00000000b2700000| Untracked 
| 164|0x00000000b2800000, 0x00000000b2800000, 0x00000000b2900000|  0%| F|  |TAMS 0x00000000b2800000, 0x00000000b2800000| Untracked 
| 165|0x00000000b2900000, 0x00000000b2900000, 0x00000000b2a00000|  0%| F|  |TAMS 0x00000000b2900000, 0x00000000b2900000| Untracked 
| 166|0x00000000b2a00000, 0x00000000b2a00000, 0x00000000b2b00000|  0%| F|  |TAMS 0x00000000b2a00000, 0x00000000b2a00000| Untracked 
| 167|0x00000000b2b00000, 0x00000000b2b00000, 0x00000000b2c00000|  0%| F|  |TAMS 0x00000000b2b00000, 0x00000000b2b00000| Untracked 
| 168|0x00000000b2c00000, 0x00000000b2c00000, 0x00000000b2d00000|  0%| F|  |TAMS 0x00000000b2c00000, 0x00000000b2c00000| Untracked 
| 169|0x00000000b2d00000, 0x00000000b2d00000, 0x00000000b2e00000|  0%| F|  |TAMS 0x00000000b2d00000, 0x00000000b2d00000| Untracked 
| 170|0x00000000b2e00000, 0x00000000b2e00000, 0x00000000b2f00000|  0%| F|  |TAMS 0x00000000b2e00000, 0x00000000b2e00000| Untracked 
| 171|0x00000000b2f00000, 0x00000000b2f00000, 0x00000000b3000000|  0%| F|  |TAMS 0x00000000b2f00000, 0x00000000b2f00000| Untracked 
| 172|0x00000000b3000000, 0x00000000b3000000, 0x00000000b3100000|  0%| F|  |TAMS 0x00000000b3000000, 0x00000000b3000000| Untracked 
| 173|0x00000000b3100000, 0x00000000b3100000, 0x00000000b3200000|  0%| F|  |TAMS 0x00000000b3100000, 0x00000000b3100000| Untracked 
| 174|0x00000000b3200000, 0x00000000b3200000, 0x00000000b3300000|  0%| F|  |TAMS 0x00000000b3200000, 0x00000000b3200000| Untracked 
| 175|0x00000000b3300000, 0x00000000b3300000, 0x00000000b3400000|  0%| F|  |TAMS 0x00000000b3300000, 0x00000000b3300000| Untracked 
| 176|0x00000000b3400000, 0x00000000b3400000, 0x00000000b3500000|  0%| F|  |TAMS 0x00000000b3400000, 0x00000000b3400000| Untracked 
| 177|0x00000000b3500000, 0x00000000b3500000, 0x00000000b3600000|  0%| F|  |TAMS 0x00000000b3500000, 0x00000000b3500000| Untracked 
| 178|0x00000000b3600000, 0x00000000b3600000, 0x00000000b3700000|  0%| F|  |TAMS 0x00000000b3600000, 0x00000000b3600000| Untracked 
| 179|0x00000000b3700000, 0x00000000b3700000, 0x00000000b3800000|  0%| F|  |TAMS 0x00000000b3700000, 0x00000000b3700000| Untracked 
| 180|0x00000000b3800000, 0x00000000b3800000, 0x00000000b3900000|  0%| F|  |TAMS 0x00000000b3800000, 0x00000000b3800000| Untracked 
| 181|0x00000000b3900000, 0x00000000b3900000, 0x00000000b3a00000|  0%| F|  |TAMS 0x00000000b3900000, 0x00000000b3900000| Untracked 
| 182|0x00000000b3a00000, 0x00000000b3a00000, 0x00000000b3b00000|  0%| F|  |TAMS 0x00000000b3a00000, 0x00000000b3a00000| Untracked 
| 183|0x00000000b3b00000, 0x00000000b3b00000, 0x00000000b3c00000|  0%| F|  |TAMS 0x00000000b3b00000, 0x00000000b3b00000| Untracked 
| 184|0x00000000b3c00000, 0x00000000b3c79af8, 0x00000000b3d00000| 47%| E|  |TAMS 0x00000000b3c00000, 0x00000000b3c00000| Complete 
| 185|0x00000000b3d00000, 0x00000000b3e00000, 0x00000000b3e00000|100%| E|CS|TAMS 0x00000000b3d00000, 0x00000000b3d00000| Complete 

Card table byte_map: [0x0000020f7bf60000,0x0000020f7c220000] _byte_map_base: 0x0000020f7ba1e000

Marking Bits (Prev, Next): (CMBitMap*) 0x0000020f7b528fd8, (CMBitMap*) 0x0000020f7b529010
 Prev Bits: [0x0000020f7c4e0000, 0x0000020f7dad0000)
 Next Bits: [0x0000020f7dad0000, 0x0000020f7f0c0000)

Polling page: 0x0000020f7b5e0000

Metaspace:

Usage:
  Non-class:     37.72 MB capacity,    36.52 MB ( 97%) used,  1017.24 KB (  3%) free+waste,   208.38 KB ( <1%) overhead. 
      Class:      6.15 MB capacity,     5.41 MB ( 88%) used,   649.69 KB ( 10%) free+waste,   104.56 KB (  2%) overhead. 
       Both:     43.86 MB capacity,    41.93 MB ( 96%) used,     1.63 MB (  4%) free+waste,   312.94 KB ( <1%) overhead. 

Virtual space:
  Non-class space:       58.00 MB reserved,      37.75 MB ( 65%) committed 
      Class space:        1.00 GB reserved,       6.25 MB ( <1%) committed 
             Both:        1.06 GB reserved,      44.00 MB (  4%) committed 

Chunk freelists:
   Non-Class:  4.13 KB
       Class:  0 bytes
        Both:  4.13 KB

CodeHeap 'non-profiled nmethods': size=238912Kb used=10027Kb max_used=10027Kb free=228885Kb
 bounds [0x0000020f088e0000, 0x0000020f092b0000, 0x0000020f17230000]
CodeHeap 'non-nmethods': size=6848Kb used=2345Kb max_used=2345Kb free=4502Kb
 bounds [0x0000020f08230000, 0x0000020f084a0000, 0x0000020f088e0000]
 total_blobs=6515 nmethods=5918 adapters=506
 compilation: enabled
              stopped_count=0, restarted_count=0
 full_count=0

Compilation events (10 events):
Event: 13.353 Thread 0x0000020f7f6da000 5923       1       sun.invoke.util.Wrapper::forceType (72 bytes)
Event: 13.353 Thread 0x0000020f7f6da000 nmethod 5923 0x0000020f092a6b90 code [0x0000020f092a6d40, 0x0000020f092a6e38]
Event: 13.353 Thread 0x0000020f7f6da000 5924       1       java.lang.invoke.LambdaFormEditor::bindArgumentI (59 bytes)
Event: 13.354 Thread 0x0000020f7f6da000 nmethod 5924 0x0000020f092a6e90 code [0x0000020f092a7060, 0x0000020f092a7230]
Event: 13.354 Thread 0x0000020f19468800 nmethod 5922 0x0000020f092a7310 code [0x0000020f092a7540, 0x0000020f092a7980]
Event: 13.354 Thread 0x0000020f7f6da000 5925       1       java.util.ImmutableCollections$ListN::<init> (39 bytes)
Event: 13.354 Thread 0x0000020f7f6da000 nmethod 5925 0x0000020f092a7c10 code [0x0000020f092a7de0, 0x0000020f092a81d0]
Event: 13.354 Thread 0x0000020f19469000 nmethod 5921 0x0000020f092a8390 code [0x0000020f092a8660, 0x0000020f092a8e60]
Event: 13.360 Thread 0x0000020f19468800 5932       1       java.util.ArrayList::grow (18 bytes)
Event: 13.361 Thread 0x0000020f19468800 nmethod 5932 0x0000020f092a9f90 code [0x0000020f092aa160, 0x0000020f092aa340]

GC Heap History (10 events):
Event: 9.542 GC heap before
{Heap before GC invocations=8 (full 0):
 garbage-first heap   total 110592K, used 70480K [0x00000000a8400000, 0x0000000100000000)
  region size 1024K, 26 young (26624K), 4 survivors (4096K)
 Metaspace       used 20468K, capacity 21137K, committed 21296K, reserved 1069056K
  class space    used 2327K, capacity 2592K, committed 2688K, reserved 1048576K
}
Event: 9.561 GC heap after
{Heap after GC invocations=9 (full 0):
 garbage-first heap   total 190464K, used 52608K [0x00000000a8400000, 0x0000000100000000)
  region size 1024K, 3 young (3072K), 3 survivors (3072K)
 Metaspace       used 20468K, capacity 21137K, committed 21296K, reserved 1069056K
  class space    used 2327K, capacity 2592K, committed 2688K, reserved 1048576K
}
Event: 10.545 GC heap before
{Heap before GC invocations=10 (full 0):
 garbage-first heap   total 190464K, used 99712K [0x00000000a8400000, 0x0000000100000000)
  region size 1024K, 52 young (53248K), 3 survivors (3072K)
 Metaspace       used 26300K, capacity 27312K, committed 27520K, reserved 1073152K
  class space    used 3048K, capacity 3420K, committed 3456K, reserved 1048576K
}
Event: 10.588 GC heap after
{Heap after GC invocations=11 (full 0):
 garbage-first heap   total 190464K, used 56045K [0x00000000a8400000, 0x0000000100000000)
  region size 1024K, 7 young (7168K), 7 survivors (7168K)
 Metaspace       used 26300K, capacity 27312K, committed 27520K, reserved 1073152K
  class space    used 3048K, capacity 3420K, committed 3456K, reserved 1048576K
}
Event: 11.816 GC heap before
{Heap before GC invocations=12 (full 0):
 garbage-first heap   total 190464K, used 134893K [0x00000000a8400000, 0x0000000100000000)
  region size 1024K, 85 young (87040K), 7 survivors (7168K)
 Metaspace       used 34476K, capacity 36205K, committed 36352K, reserved 1081344K
  class space    used 4135K, capacity 4815K, committed 4864K, reserved 1048576K
}
Event: 11.843 GC heap after
{Heap after GC invocations=13 (full 0):
 garbage-first heap   total 190464K, used 60341K [0x00000000a8400000, 0x0000000100000000)
  region size 1024K, 10 young (10240K), 10 survivors (10240K)
 Metaspace       used 34476K, capacity 36205K, committed 36352K, reserved 1081344K
  class space    used 4135K, capacity 4815K, committed 4864K, reserved 1048576K
}
Event: 12.361 GC heap before
{Heap before GC invocations=13 (full 0):
 garbage-first heap   total 190464K, used 139189K [0x00000000a8400000, 0x0000000100000000)
  region size 1024K, 87 young (89088K), 10 survivors (10240K)
 Metaspace       used 37820K, capacity 39596K, committed 39808K, reserved 1083392K
  class space    used 4671K, capacity 5391K, committed 5504K, reserved 1048576K
}
Event: 12.386 GC heap after
{Heap after GC invocations=14 (full 0):
 garbage-first heap   total 190464K, used 62606K [0x00000000a8400000, 0x0000000100000000)
  region size 1024K, 7 young (7168K), 7 survivors (7168K)
 Metaspace       used 37820K, capacity 39596K, committed 39808K, reserved 1083392K
  class space    used 4671K, capacity 5391K, committed 5504K, reserved 1048576K
}
Event: 13.291 GC heap before
{Heap before GC invocations=14 (full 0):
 garbage-first heap   total 190464K, used 139406K [0x00000000a8400000, 0x0000000100000000)
  region size 1024K, 84 young (86016K), 7 survivors (7168K)
 Metaspace       used 42409K, capacity 44307K, committed 44416K, reserved 1093632K
  class space    used 5461K, capacity 6214K, committed 6272K, reserved 1048576K
}
Event: 13.312 GC heap after
{Heap after GC invocations=15 (full 0):
 garbage-first heap   total 190464K, used 65096K [0x00000000a8400000, 0x0000000100000000)
  region size 1024K, 5 young (5120K), 5 survivors (5120K)
 Metaspace       used 42409K, capacity 44307K, committed 44416K, reserved 1093632K
  class space    used 5461K, capacity 6214K, committed 6272K, reserved 1048576K
}

Deoptimization events (0 events):
No events

Classes redefined (0 events):
No events

Internal exceptions (10 events):
Event: 13.110 Thread 0x0000020f243c5800 Exception <a 'sun/nio/fs/WindowsException'{0x00000000afd73bd8}> (0x00000000afd73bd8) thrown at [t:/workspace/open/src/hotspot/share/prims/jni.cpp, line 615]
Event: 13.122 Thread 0x0000020f243c5800 Exception <a 'sun/nio/fs/WindowsException'{0x00000000afb8b500}> (0x00000000afb8b500) thrown at [t:/workspace/open/src/hotspot/share/prims/jni.cpp, line 615]
Event: 13.123 Thread 0x0000020f243c5800 Exception <a 'sun/nio/fs/WindowsException'{0x00000000afb8b860}> (0x00000000afb8b860) thrown at [t:/workspace/open/src/hotspot/share/prims/jni.cpp, line 615]
Event: 13.123 Thread 0x0000020f243c5800 Exception <a 'sun/nio/fs/WindowsException'{0x00000000afb8c808}> (0x00000000afb8c808) thrown at [t:/workspace/open/src/hotspot/share/prims/jni.cpp, line 615]
Event: 13.123 Thread 0x0000020f243c5800 Exception <a 'sun/nio/fs/WindowsException'{0x00000000afb8cb20}> (0x00000000afb8cb20) thrown at [t:/workspace/open/src/hotspot/share/prims/jni.cpp, line 615]
Event: 13.164 Thread 0x0000020f24429000 Exception <a 'java/lang/NoSuchMethodError'{0x00000000af770c08}: java.lang.invoke.DirectMethodHandle$Holder.invokeStaticInit(Ljava/lang/Object;Ljava/lang/Object;Ljava/lang/Object;Ljava/lang/Object;)Ljava/lang/Object;> (0x00000000af770c08) thrown at [t:/wor
Event: 13.349 Thread 0x0000020f24429000 Exception <a 'java/lang/NoSuchMethodError'{0x00000000b3dbf9b8}: java.lang.invoke.DirectMethodHandle$Holder.invokeSpecial(Ljava/lang/Object;Ljava/lang/Object;IILjava/lang/Object;Ljava/lang/Object;Ljava/lang/Object;Ljava/lang/Object;)Ljava/lang/Object;> (0x
Event: 13.350 Thread 0x0000020f24429000 Exception <a 'java/lang/NoSuchMethodError'{0x00000000b3dc3348}: java.lang.invoke.DelegatingMethodHandle$Holder.reinvoke_L(Ljava/lang/Object;IILjava/lang/Object;Ljava/lang/Object;Ljava/lang/Object;Ljava/lang/Object;)Ljava/lang/Object;> (0x00000000b3dc3348)
Event: 13.352 Thread 0x0000020f24429000 Exception <a 'java/lang/NoSuchMethodError'{0x00000000b3dd1c18}: java.lang.invoke.DirectMethodHandle$Holder.invokeStatic(Ljava/lang/Object;Ljava/lang/Object;Ljava/lang/Object;Ljava/lang/Object;Ljava/lang/Object;Ljava/lang/Object;I)Ljava/lang/Object;> (0x00
Event: 13.365 Thread 0x0000020f24429000 Exception <a 'java/io/FileNotFoundException'{0x00000000b3c5fd48}> (0x00000000b3c5fd48) thrown at [t:/workspace/open/src/hotspot/share/prims/jni.cpp, line 615]

Events (10 events):
Event: 13.374 loading class sun/net/dns/OptionsImpl
Event: 13.374 loading class sun/net/dns/ResolverConfiguration$Options
Event: 13.374 loading class sun/net/dns/ResolverConfiguration$Options done
Event: 13.374 loading class sun/net/dns/OptionsImpl done
Event: 13.384 loading class javax/naming/CompositeName
Event: 13.384 loading class javax/naming/Name
Event: 13.384 loading class javax/naming/Name done
Event: 13.384 loading class javax/naming/CompositeName done
Event: 13.384 loading class javax/naming/NameImpl
Event: 13.385 Executing VM operation: CollectForMetadataAllocation


Dynamic libraries:
0x00007ff70c8e0000 - 0x00007ff70c925000 	C:\Program Files\java\jdk-11\bin\java.EXE
0x00007ffe607b0000 - 0x00007ffe609a5000 	C:\Windows\SYSTEM32\ntdll.dll
0x00007ffe5f570000 - 0x00007ffe5f62d000 	C:\Windows\System32\KERNEL32.DLL
0x00007ffe5e3a0000 - 0x00007ffe5e669000 	C:\Windows\System32\KERNELBASE.dll
0x00007ffe60500000 - 0x00007ffe606a0000 	C:\Windows\System32\USER32.dll
0x00007ffe5e670000 - 0x00007ffe5e692000 	C:\Windows\System32\win32u.dll
0x00007ffe5ff40000 - 0x00007ffe5ff6a000 	C:\Windows\System32\GDI32.dll
0x00007ffe5e240000 - 0x00007ffe5e34b000 	C:\Windows\System32\gdi32full.dll
0x00007ffe5e1a0000 - 0x00007ffe5e23d000 	C:\Windows\System32\msvcp_win.dll
0x00007ffe5e6a0000 - 0x00007ffe5e7a0000 	C:\Windows\System32\ucrtbase.dll
0x00007ffe4b940000 - 0x00007ffe4bbda000 	C:\Windows\WinSxS\amd64_microsoft.windows.common-controls_6595b64144ccf1df_6.0.19041.844_none_ca00b6081b84eb1d\COMCTL32.dll
0x00007ffe5ff70000 - 0x00007ffe6000e000 	C:\Windows\System32\msvcrt.dll
0x00007ffe5f0e0000 - 0x00007ffe5f110000 	C:\Windows\System32\IMM32.DLL
0x00007ffe534a0000 - 0x00007ffe534b6000 	C:\Program Files\java\jdk-11\bin\vcruntime140.dll
0x00007ffe4fb20000 - 0x00007ffe4fbca000 	C:\Program Files\java\jdk-11\bin\msvcp140.dll
0x00007ffe16830000 - 0x00007ffe17371000 	C:\Program Files\java\jdk-11\bin\server\jvm.dll
0x00007ffe5fb80000 - 0x00007ffe5fc2c000 	C:\Windows\System32\ADVAPI32.dll
0x00007ffe5f4d0000 - 0x00007ffe5f56c000 	C:\Windows\System32\sechost.dll
0x00007ffe5fd60000 - 0x00007ffe5fe8b000 	C:\Windows\System32\RPCRT4.dll
0x00007ffe60220000 - 0x00007ffe60228000 	C:\Windows\System32\PSAPI.DLL
0x00007ffe519a0000 - 0x00007ffe519c7000 	C:\Windows\SYSTEM32\WINMM.dll
0x00007ffe4dcb0000 - 0x00007ffe4dcb9000 	C:\Windows\SYSTEM32\WSOCK32.dll
0x00007ffe5e850000 - 0x00007ffe5e8bb000 	C:\Windows\System32\WS2_32.dll
0x00007ffe51260000 - 0x00007ffe5126a000 	C:\Windows\SYSTEM32\VERSION.dll
0x00007ffe5be90000 - 0x00007ffe5bea2000 	C:\Windows\SYSTEM32\kernel.appcore.dll
0x00007ffe53380000 - 0x00007ffe53391000 	C:\Program Files\java\jdk-11\bin\verify.dll
0x00007ffe4d430000 - 0x00007ffe4d614000 	C:\Windows\SYSTEM32\DBGHELP.DLL
0x00007ffe4d1f0000 - 0x00007ffe4d21c000 	C:\Windows\SYSTEM32\dbgcore.DLL
0x00007ffe5e120000 - 0x00007ffe5e1a0000 	C:\Windows\System32\bcryptPrimitives.dll
0x00007ffe53350000 - 0x00007ffe53378000 	C:\Program Files\java\jdk-11\bin\java.dll
0x00007ffe4fab0000 - 0x00007ffe4fadf000 	C:\Program Files\java\jdk-11\bin\instrument.dll
0x00007ffe52920000 - 0x00007ffe52936000 	C:\Program Files\java\jdk-11\bin\zip.dll
0x00007ffe53480000 - 0x00007ffe5348a000 	C:\Program Files\java\jdk-11\bin\jimage.dll
0x00007ffe5e8c0000 - 0x00007ffe5f002000 	C:\Windows\System32\SHELL32.dll
0x00007ffe5c090000 - 0x00007ffe5c820000 	C:\Windows\SYSTEM32\windows.storage.dll
0x00007ffe5f170000 - 0x00007ffe5f4c5000 	C:\Windows\System32\combase.dll
0x00007ffe5d9a0000 - 0x00007ffe5d9cc000 	C:\Windows\SYSTEM32\Wldp.dll
0x00007ffe603e0000 - 0x00007ffe6048e000 	C:\Windows\System32\SHCORE.dll
0x00007ffe5f110000 - 0x00007ffe5f165000 	C:\Windows\System32\shlwapi.dll
0x00007ffe5de70000 - 0x00007ffe5de8f000 	C:\Windows\SYSTEM32\profapi.dll
0x00007ffe4fb00000 - 0x00007ffe4fb19000 	C:\Program Files\Java\jdk-11\bin\net.dll
0x00007ffe535f0000 - 0x00007ffe536fc000 	C:\Windows\SYSTEM32\WINHTTP.dll
0x00007ffe5d720000 - 0x00007ffe5d78a000 	C:\Windows\system32\mswsock.dll
0x00007ffe4fae0000 - 0x00007ffe4faf3000 	C:\Program Files\Java\jdk-11\bin\nio.dll
0x00007ffe4fa50000 - 0x00007ffe4fa59000 	C:\Program Files\Java\jdk-11\bin\management.dll
0x00007ffe4e720000 - 0x00007ffe4e72c000 	C:\Program Files\Java\jdk-11\bin\management_ext.dll
0x00007ffe52940000 - 0x00007ffe5294a000 	C:\apache-maven-3.8.4\lib\jansi-native\jansi-1.18-93fa3188adb8407f81dad04d08abc8192e4e380d.dll
0x00007ffe5d8f0000 - 0x00007ffe5d908000 	C:\Windows\SYSTEM32\CRYPTSP.dll
0x00007ffe5d050000 - 0x00007ffe5d084000 	C:\Windows\system32\rsaenh.dll
0x00007ffe5df30000 - 0x00007ffe5df57000 	C:\Windows\System32\bcrypt.dll
0x00007ffe5de30000 - 0x00007ffe5de5e000 	C:\Windows\SYSTEM32\USERENV.dll
0x00007ffe5d910000 - 0x00007ffe5d91c000 	C:\Windows\SYSTEM32\CRYPTBASE.dll
0x00007ffe5d3c0000 - 0x00007ffe5d3fb000 	C:\Windows\SYSTEM32\IPHLPAPI.DLL
0x00007ffe5fd50000 - 0x00007ffe5fd58000 	C:\Windows\System32\NSI.dll
0x00007ffe57140000 - 0x00007ffe57157000 	C:\Windows\SYSTEM32\dhcpcsvc6.DLL
0x00007ffe570f0000 - 0x00007ffe5710d000 	C:\Windows\SYSTEM32\dhcpcsvc.DLL
0x00007ffe5d410000 - 0x00007ffe5d4db000 	C:\Windows\SYSTEM32\DNSAPI.dll

dbghelp: loaded successfully - version: 4.0.5 - missing functions: none
symbol engine: initialized successfully - sym options: 0x614 - pdb path: .;C:\Program Files\java\jdk-11\bin;C:\Windows\SYSTEM32;C:\Windows\WinSxS\amd64_microsoft.windows.common-controls_6595b64144ccf1df_6.0.19041.844_none_ca00b6081b84eb1d;C:\Program Files\java\jdk-11\bin\server;C:\apache-maven-3.8.4\lib\jansi-native

VM Arguments:
jvm_args: -Xverify:none -Dio.quarkus.force-color-support=true -Dquarkus-internal.serialized-app-model.path=C:\Users\robert\Desktop\JugglingLab\target\quarkus\bootstrap\dev-app-model.dat -javaagent:C:\Users\robert\.m2\repository\io\quarkus\quarkus-class-change-agent\2.9.1.Final\quarkus-class-change-agent-2.9.1.Final.jar -XX:TieredStopAtLevel=1 -Djava.util.logging.manager=org.jboss.logmanager.LogManager 
java_command: C:\Users\robert\Desktop\JugglingLab\target\juggling-dev.jar
java_class_path (initial): C:\Users\robert\Desktop\JugglingLab\target\juggling-dev.jar
Launcher Type: SUN_STANDARD

[Global flags]
     bool BytecodeVerificationLocal                = false                                     {product} {command line}
     bool BytecodeVerificationRemote               = false                                     {product} {command line}
     intx CICompilerCount                          = 3                                         {product} {ergonomic}
     uint ConcGCThreads                            = 1                                         {product} {ergonomic}
     uint G1ConcRefinementThreads                  = 4                                         {product} {ergonomic}
   size_t G1HeapRegionSize                         = 1048576                                   {product} {ergonomic}
    uintx GCDrainStackTargetSize                   = 64                                        {product} {ergonomic}
   size_t InitialHeapSize                          = 92274688                                  {product} {ergonomic}
   size_t MarkStackSize                            = 4194304                                   {product} {ergonomic}
   size_t MaxHeapSize                              = 1472200704                                {product} {ergonomic}
   size_t MaxNewSize                               = 882900992                                 {product} {ergonomic}
   size_t MinHeapDeltaBytes                        = 1048576                                   {product} {ergonomic}
    uintx NonNMethodCodeHeapSize                   = 6973028                                {pd product} {ergonomic}
    uintx NonProfiledCodeHeapSize                  = 244685212                              {pd product} {ergonomic}
    uintx ProfiledCodeHeapSize                     = 0                                      {pd product} {ergonomic}
    uintx ReservedCodeCacheSize                    = 251658240                              {pd product} {ergonomic}
     bool SegmentedCodeCache                       = true                                      {product} {ergonomic}
     intx TieredStopAtLevel                        = 1                                         {product} {command line}
     bool UseCompressedClassPointers               = true                                 {lp64_product} {ergonomic}
     bool UseCompressedOops                        = true                                 {lp64_product} {ergonomic}
     bool UseG1GC                                  = true                                      {product} {ergonomic}
     bool UseLargePagesIndividualAllocation        = false                                  {pd product} {ergonomic}

Logging:
Log output configuration:
 #0: stdout all=warning uptime,level,tags
 #1: stderr all=off uptime,level,tags

Environment Variables:
JAVA_HOME=C:\Program Files\java\jdk-11
JRE_HOME=C:\Program Files\java\jdk-11
PATH=C:\Windows\system32;C:\Windows;C:\Windows\System32\Wbem;C:\Windows\System32\WindowsPowerShell\v1.0\;C:\Program Files (x86)\ATI Technologies\ATI.ACE\Core-Static;C:\ProgramData\chocolatey\bin;C:\apache-maven-3.8.4\bin;C:\Program Files\dotnet\;C:\Program Files\Git\cmd;C:\Program Files\PuTTY\;C:\apache-maven-3.8.4\bin;C:\Program Files (x86)\Windows Live\Shared;C:\Users\robert\AppData\Local\Microsoft\WindowsApps;C:\Users\robert\AppData\Local\Programs\Microsoft VS Code\bin;C:\Program Files\java\jdk-11\bin;C:\Users\robert\.dotnet\tools;C:\apache-maven-3.8.4\bin;
USERNAME=robert
OS=Windows_NT
PROCESSOR_IDENTIFIER=AMD64 Family 18 Model 1 Stepping 0, AuthenticAMD



---------------  S Y S T E M  ---------------

OS: Windows 10 , 64 bit Build 19041 (10.0.19041.804)

CPU:total 4 (initial active 4) (4 cores per cpu, 1 threads per core) family 18 model 1 stepping 0, cmov, cx8, fxsr, mmx, sse, sse2, sse3, popcnt, mmxext, 3dnowpref, lzcnt, sse4a, tsc, tscinvbit, tscinv

Memory: 4k page, system-wide physical 5611M (640M free)
TotalPageFile size 5611M (AvailPageFile size 3M)
current process WorkingSet (physical memory assigned to process): 308M, peak: 308M
current process commit charge ("private bytes"): 356M, peak: 357M

vm_info: OpenJDK 64-Bit Server VM (11+28) for windows-amd64 JRE (11+28), built on Aug 23 2018 03:04:58 by "mach5one" with MS VC++ 15.5 (VS2017)

END.
