#
# There is insufficient memory for the Java Runtime Environment to continue.
# Native memory allocation (malloc) failed to allocate 1533936 bytes for Chunk::new
# Possible reasons:
#   The system is out of physical RAM or swap space
#   The process is running with CompressedOops enabled, and the Java Heap may be blocking the growth of the native heap
# Possible solutions:
#   Reduce memory load on the system
#   Increase physical memory or swap space
#   Check if swap backing store is full
#   Decrease Java heap size (-Xmx/-Xms)
#   Decrease number of Java threads
#   Decrease Java thread stack sizes (-Xss)
#   Set larger code cache with -XX:ReservedCodeCacheSize=
#   JVM is running with Unscaled Compressed Oops mode in which the Java heap is
#     placed in the first 4GB address space. The Java Heap base address is the
#     maximum limit for the native heap growth. Please use -XX:HeapBaseMinAddress
#     to set the Java Heap base and to place the Java Heap above 4GB virtual address.
# This output file may be truncated or incomplete.
#
#  Out of Memory Error (arena.cpp:189), pid=2144, tid=6244
#
# JRE version: OpenJDK Runtime Environment Temurin-17.0.3+7 (17.0.3+7) (build 17.0.3+7)
# Java VM: OpenJDK 64-Bit Server VM Temurin-17.0.3+7 (17.0.3+7, mixed mode, tiered, compressed oops, compressed class ptrs, parallel gc, windows-amd64)
# No core dump will be written. Minidumps are not enabled by default on client versions of Windows
#

---------------  S U M M A R Y ------------

Command Line: --add-modules=ALL-SYSTEM --add-opens=java.base/java.util=ALL-UNNAMED --add-opens=java.base/java.lang=ALL-UNNAMED --add-opens=java.base/sun.nio.fs=ALL-UNNAMED -Declipse.application=org.eclipse.jdt.ls.core.id1 -Dosgi.bundles.defaultStartLevel=4 -Declipse.product=org.eclipse.jdt.ls.core.product -Djava.import.generatesMetadataFilesAtProjectRoot=false -Dfile.encoding=utf8 -DwatchParentProcess=false -XX:+UseParallelGC -XX:GCTimeRatio=4 -XX:AdaptiveSizePolicyWeight=90 -Dsun.zip.disableMemoryMapping=true -Xmx1G -Xms100m -javaagent:c:\Users\robert\.vscode\extensions\gabrielbb.vscode-lombok-1.0.1\server\lombok.jar c:\Users\robert\.vscode\extensions\redhat.java-1.8.0-win32-x64\server\plugins\org.eclipse.equinox.launcher_1.6.400.v20210924-0641.jar -configuration c:\Users\robert\AppData\Roaming\Code\User\globalStorage\redhat.java\1.8.0\config_ss_win -data c:\Users\robert\AppData\Roaming\Code\User\workspaceStorage\a8da6b0431f0f05f5a79e6ea5c48b4d7\redhat.java\ss_ws

Host: AMD A6-3420M APU with Radeon(tm) HD Graphics, 4 cores, 5G,  Windows 10 , 64 bit Build 19041 (10.0.19041.804)
Time: Fri Jul  1 12:05:32 2022 Hora oficial do Brasil elapsed time: 7.440364 seconds (0d 0h 0m 7s)

---------------  T H R E A D  ---------------

Current thread (0x000001567f530210):  JavaThread "C2 CompilerThread0" daemon [_thread_in_native, id=6244, stack(0x00000006b8200000,0x00000006b8300000)]


Current CompileTask:
C2:   7440 2726       4       org.objectweb.asm.ClassReader::readMethod (1052 bytes)

Stack: [0x00000006b8200000,0x00000006b8300000]
Native frames: (J=compiled Java code, j=interpreted, Vv=VM code, C=native code)
V  [jvm.dll+0x675efa]
V  [jvm.dll+0x830a24]
V  [jvm.dll+0x8321ce]
V  [jvm.dll+0x832833]
V  [jvm.dll+0x2454b5]
V  [jvm.dll+0xabd7b]
V  [jvm.dll+0xac30c]
V  [jvm.dll+0x3635d2]
V  [jvm.dll+0x32dca1]
V  [jvm.dll+0x32d14a]
V  [jvm.dll+0x218361]
V  [jvm.dll+0x217781]
V  [jvm.dll+0x1a3ccd]
V  [jvm.dll+0x227178]
V  [jvm.dll+0x2252bc]
V  [jvm.dll+0x7e673b]
V  [jvm.dll+0x7e0cfa]
V  [jvm.dll+0x674d85]
C  [ucrtbase.dll+0x21bb2]
C  [KERNEL32.DLL+0x17034]
C  [ntdll.dll+0x52651]


---------------  P R O C E S S  ---------------

Threads class SMR info:
_java_thread_list=0x00000156070ca1a0, length=26, elements={
0x000001566d6e0a80, 0x000001567f4f0750, 0x000001567f4f14d0, 0x000001567f52a130,
0x000001567f52aeb0, 0x000001567f52db40, 0x000001567f52f570, 0x000001567f530210,
0x000001567f531890, 0x0000015603949cb0, 0x0000015603a09030, 0x0000015603b320e0,
0x0000015604315620, 0x00000156042613e0, 0x00000156042618b0, 0x00000156041ef030,
0x000001560500d900, 0x0000015603cef250, 0x0000015603cef720, 0x0000015605130b80,
0x0000015605132390, 0x000001560512f840, 0x00000156051306b0, 0x0000015605131520,
0x00000156051319f0, 0x00000156051301e0
}

Java Threads: ( => current thread )
  0x000001566d6e0a80 JavaThread "main" [_thread_blocked, id=4332, stack(0x00000006b7900000,0x00000006b7a00000)]
  0x000001567f4f0750 JavaThread "Reference Handler" daemon [_thread_blocked, id=2380, stack(0x00000006b7c00000,0x00000006b7d00000)]
  0x000001567f4f14d0 JavaThread "Finalizer" daemon [_thread_blocked, id=1196, stack(0x00000006b7d00000,0x00000006b7e00000)]
  0x000001567f52a130 JavaThread "Signal Dispatcher" daemon [_thread_blocked, id=8004, stack(0x00000006b7e00000,0x00000006b7f00000)]
  0x000001567f52aeb0 JavaThread "Attach Listener" daemon [_thread_blocked, id=5544, stack(0x00000006b7f00000,0x00000006b8000000)]
  0x000001567f52db40 JavaThread "Service Thread" daemon [_thread_blocked, id=7836, stack(0x00000006b8000000,0x00000006b8100000)]
  0x000001567f52f570 JavaThread "Monitor Deflation Thread" daemon [_thread_blocked, id=5356, stack(0x00000006b8100000,0x00000006b8200000)]
=>0x000001567f530210 JavaThread "C2 CompilerThread0" daemon [_thread_in_native, id=6244, stack(0x00000006b8200000,0x00000006b8300000)]
  0x000001567f531890 JavaThread "C1 CompilerThread0" daemon [_thread_blocked, id=5484, stack(0x00000006b8300000,0x00000006b8400000)]
  0x0000015603949cb0 JavaThread "Sweeper thread" daemon [_thread_blocked, id=7236, stack(0x00000006b8400000,0x00000006b8500000)]
  0x0000015603a09030 JavaThread "Common-Cleaner" daemon [_thread_blocked, id=7212, stack(0x00000006b8500000,0x00000006b8600000)]
  0x0000015603b320e0 JavaThread "Notification Thread" daemon [_thread_blocked, id=2672, stack(0x00000006b8600000,0x00000006b8700000)]
  0x0000015604315620 JavaThread "Equinox resolver thread - Equinox Container: 7c1edeea-758e-4231-bf8b-6a99e846ffb9" daemon [_thread_blocked, id=1828, stack(0x00000006b8b00000,0x00000006b8c00000)]
  0x00000156042613e0 JavaThread "Equinox resolver thread - Equinox Container: 7c1edeea-758e-4231-bf8b-6a99e846ffb9" daemon [_thread_blocked, id=1128, stack(0x00000006b8c00000,0x00000006b8d00000)]
  0x00000156042618b0 JavaThread "Equinox resolver thread - Equinox Container: 7c1edeea-758e-4231-bf8b-6a99e846ffb9" daemon [_thread_blocked, id=7612, stack(0x00000006b8d00000,0x00000006b8e00000)]
  0x00000156041ef030 JavaThread "Equinox resolver thread - Equinox Container: 7c1edeea-758e-4231-bf8b-6a99e846ffb9" daemon [_thread_blocked, id=7956, stack(0x00000006b8e00000,0x00000006b8f00000)]
  0x000001560500d900 JavaThread "Active Thread: Equinox Container: 7c1edeea-758e-4231-bf8b-6a99e846ffb9" [_thread_blocked, id=3828, stack(0x00000006b8f00000,0x00000006b9000000)]
  0x0000015603cef250 JavaThread "Framework Event Dispatcher: Equinox Container: 7c1edeea-758e-4231-bf8b-6a99e846ffb9" daemon [_thread_blocked, id=6252, stack(0x00000006b9000000,0x00000006b9100000)]
  0x0000015603cef720 JavaThread "Start Level: Equinox Container: 7c1edeea-758e-4231-bf8b-6a99e846ffb9" daemon [_thread_blocked, id=3592, stack(0x00000006b9100000,0x00000006b9200000)]
  0x0000015605130b80 JavaThread "Refresh Thread: Equinox Container: 7c1edeea-758e-4231-bf8b-6a99e846ffb9" daemon [_thread_blocked, id=640, stack(0x00000006b9300000,0x00000006b9400000)]
  0x0000015605132390 JavaThread "SCR Component Actor" daemon [_thread_blocked, id=6004, stack(0x00000006b9400000,0x00000006b9500000)]
  0x000001560512f840 JavaThread "Timer-0" [_thread_blocked, id=2276, stack(0x00000006b9500000,0x00000006b9600000)]
  0x00000156051306b0 JavaThread "Worker-JM" [_thread_blocked, id=1360, stack(0x00000006b9600000,0x00000006b9700000)]
  0x0000015605131520 JavaThread "Worker-0" [_thread_blocked, id=3252, stack(0x00000006b9700000,0x00000006b9800000)]
  0x00000156051319f0 JavaThread "Worker-1" [_thread_blocked, id=6160, stack(0x00000006b9200000,0x00000006b9300000)]
  0x00000156051301e0 JavaThread "Java indexing" daemon [_thread_blocked, id=1528, stack(0x00000006b9800000,0x00000006b9900000)]

Other Threads:
  0x000001567f4db460 VMThread "VM Thread" [stack: 0x00000006b7b00000,0x00000006b7c00000] [id=7636]
  0x0000015603c16490 WatcherThread [stack: 0x00000006b8700000,0x00000006b8800000] [id=7368]
  0x000001566d6f6990 GCTaskThread "GC Thread#0" [stack: 0x00000006b7a00000,0x00000006b7b00000] [id=5900]
  0x00000156040a8d10 GCTaskThread "GC Thread#1" [stack: 0x00000006b8800000,0x00000006b8900000] [id=7240]
  0x00000156040a91d0 GCTaskThread "GC Thread#2" [stack: 0x00000006b8900000,0x00000006b8a00000] [id=5164]
  0x0000015603b1cda0 GCTaskThread "GC Thread#3" [stack: 0x00000006b8a00000,0x00000006b8b00000] [id=7092]

Threads with active compile tasks:
C2 CompilerThread0     7476 2726       4       org.objectweb.asm.ClassReader::readMethod (1052 bytes)

VM state: not at safepoint (normal execution)

VM Mutex/Monitor currently owned by a thread: None

Heap address: 0x00000000c0000000, size: 1024 MB, Compressed Oops mode: 32-bit

CDS archive(s) not mapped
Compressed class space mapped at: 0x0000000100000000-0x0000000140000000, reserved size: 1073741824
Narrow klass base: 0x0000000000000000, Narrow klass shift: 3, Narrow klass range: 0x140000000

GC Precious Log:
 CPUs: 4 total, 4 available
 Memory: 5611M
 Large Page Support: Disabled
 NUMA Support: Disabled
 Compressed Oops: Enabled (32-bit)
 Alignments: Space 512K, Generation 512K, Heap 2M
 Heap Min Capacity: 100M
 Heap Initial Capacity: 100M
 Heap Max Capacity: 1G
 Pre-touch: Disabled
 Parallel Workers: 4

Heap:
 PSYoungGen      total 25600K, used 20587K [0x00000000eab00000, 0x00000000ec880000, 0x0000000100000000)
  eden space 25088K, 80% used [0x00000000eab00000,0x00000000ebed2e70,0x00000000ec380000)
  from space 512K, 56% used [0x00000000ec400000,0x00000000ec448000,0x00000000ec480000)
  to   space 2560K, 0% used [0x00000000ec600000,0x00000000ec600000,0x00000000ec880000)
 ParOldGen       total 68608K, used 8287K [0x00000000c0000000, 0x00000000c4300000, 0x00000000eab00000)
  object space 68608K, 12% used [0x00000000c0000000,0x00000000c0817c78,0x00000000c4300000)
 Metaspace       used 27165K, committed 27648K, reserved 1081344K
  class space    used 2612K, committed 2816K, reserved 1048576K

Card table byte_map: [0x000001566d0a0000,0x000001566d2b0000] _byte_map_base: 0x000001566caa0000

Marking Bits: (ParMarkBitMap*) 0x00007ffab6364b80
 Begin Bits: [0x0000015600000000, 0x0000015601000000)
 End Bits:   [0x0000015601000000, 0x0000015602000000)

Polling page: 0x000001566b6a0000

Metaspace:

Usage:
  Non-class:     23.98 MB used.
      Class:      2.55 MB used.
       Both:     26.53 MB used.

Virtual space:
  Non-class space:       32.00 MB reserved,      24.25 MB ( 76%) committed,  4 nodes.
      Class space:        1.00 GB reserved,       2.75 MB ( <1%) committed,  1 nodes.
             Both:        1.03 GB reserved,      27.00 MB (  3%) committed. 

Chunk freelists:
   Non-Class:  3.45 MB
       Class:  1.13 MB
        Both:  4.58 MB

MaxMetaspaceSize: unlimited
CompressedClassSpaceSize: 1.00 GB
Initial GC threshold: 21.00 MB
Current GC threshold: 35.00 MB
CDS: off
MetaspaceReclaimPolicy: balanced
 - commit_granule_bytes: 65536.
 - commit_granule_words: 8192.
 - virtual_space_node_default_size: 1048576.
 - enlarge_chunks_in_place: 1.
 - new_chunks_are_fully_committed: 0.
 - uncommit_free_chunks: 1.
 - use_allocation_guard: 0.
 - handle_deallocations: 1.


Internal statistics:

num_allocs_failed_limit: 3.
num_arena_births: 134.
num_arena_deaths: 0.
num_vsnodes_births: 5.
num_vsnodes_deaths: 0.
num_space_committed: 432.
num_space_uncommitted: 0.
num_chunks_returned_to_freelist: 3.
num_chunks_taken_from_freelist: 793.
num_chunk_merges: 3.
num_chunk_splits: 560.
num_chunks_enlarged: 441.
num_purges: 0.
num_inconsistent_stats: 0.

CodeHeap 'non-profiled nmethods': size=120000Kb used=1059Kb max_used=1059Kb free=118940Kb
 bounds [0x0000015677e40000, 0x00000156780b0000, 0x000001567f370000]
CodeHeap 'profiled nmethods': size=120000Kb used=5940Kb max_used=5940Kb free=114059Kb
 bounds [0x0000015670910000, 0x0000015670ee0000, 0x0000015677e40000]
CodeHeap 'non-nmethods': size=5760Kb used=1221Kb max_used=1241Kb free=4538Kb
 bounds [0x0000015670370000, 0x00000156705e0000, 0x0000015670910000]
 total_blobs=3311 nmethods=2779 adapters=447
 compilation: enabled
              stopped_count=0, restarted_count=0
 full_count=0

Compilation events (20 events):
Event: 7.217 Thread 0x000001567f531890 2777       3       java.util.Collections::singletonMap (10 bytes)
Event: 7.218 Thread 0x000001567f531890 nmethod 2777 0x0000015670ed8090 code [0x0000015670ed8240, 0x0000015670ed84d8]
Event: 7.218 Thread 0x000001567f531890 2778       3       java.util.Collections$SingletonMap::<init> (15 bytes)
Event: 7.218 Thread 0x000001567f531890 nmethod 2778 0x0000015670ed8610 code [0x0000015670ed87c0, 0x0000015670ed89b8]
Event: 7.219 Thread 0x000001567f531890 2779       3       org.eclipse.core.internal.registry.ConfigurationElementHandle::getConfigurationElement (18 bytes)
Event: 7.220 Thread 0x000001567f531890 nmethod 2779 0x0000015670ed8a90 code [0x0000015670ed8c40, 0x0000015670ed8fa8]
Event: 7.220 Thread 0x000001567f531890 2780       1       java.util.ArrayList$ArrayListSpliterator::characteristics (4 bytes)
Event: 7.220 Thread 0x000001567f531890 nmethod 2780 0x0000015677f48a90 code [0x0000015677f48c20, 0x0000015677f48cf8]
Event: 7.227 Thread 0x000001567f531890 2781       3       java.util.TreeMap::leftOf (13 bytes)
Event: 7.228 Thread 0x000001567f531890 nmethod 2781 0x0000015670ed9090 code [0x0000015670ed9220, 0x0000015670ed9398]
Event: 7.228 Thread 0x000001567f531890 2782       3       java.lang.Character::toUpperCase (6 bytes)
Event: 7.228 Thread 0x000001567f531890 nmethod 2782 0x0000015670ed9490 code [0x0000015670ed9640, 0x0000015670ed9898]
Event: 7.228 Thread 0x000001567f531890 2783       3       java.lang.Character::toUpperCase (9 bytes)
Event: 7.228 Thread 0x000001567f531890 nmethod 2783 0x0000015670ed9990 code [0x0000015670ed9b40, 0x0000015670ed9d38]
Event: 7.228 Thread 0x000001567f531890 2784       3       java.lang.ProcessEnvironment$NameComparator::compare (13 bytes)
Event: 7.228 Thread 0x000001567f531890 nmethod 2784 0x0000015670ed9e10 code [0x0000015670ed9fc0, 0x0000015670eda2c8]
Event: 7.229 Thread 0x000001567f531890 2785       3       java.lang.ProcessEnvironment$NameComparator::compare (90 bytes)
Event: 7.231 Thread 0x000001567f531890 nmethod 2785 0x0000015670eda390 code [0x0000015670eda6a0, 0x0000015670edb8b8]
Event: 7.232 Thread 0x000001567f531890 2786   !   3       java.util.WeakHashMap::expungeStaleEntries (139 bytes)
Event: 7.234 Thread 0x000001567f531890 nmethod 2786 0x0000015670edc190 code [0x0000015670edc3a0, 0x0000015670edccc8]

GC Heap History (12 events):
Event: 2.410 GC heap before
{Heap before GC invocations=1 (full 0):
 PSYoungGen      total 29696K, used 25600K [0x00000000eab00000, 0x00000000ecc00000, 0x0000000100000000)
  eden space 25600K, 100% used [0x00000000eab00000,0x00000000ec400000,0x00000000ec400000)
  from space 4096K, 0% used [0x00000000ec800000,0x00000000ec800000,0x00000000ecc00000)
  to   space 4096K, 0% used [0x00000000ec400000,0x00000000ec400000,0x00000000ec800000)
 ParOldGen       total 68608K, used 0K [0x00000000c0000000, 0x00000000c4300000, 0x00000000eab00000)
  object space 68608K, 0% used [0x00000000c0000000,0x00000000c0000000,0x00000000c4300000)
 Metaspace       used 10024K, committed 10240K, reserved 1064960K
  class space    used 1005K, committed 1088K, reserved 1048576K
}
Event: 2.422 GC heap after
{Heap after GC invocations=1 (full 0):
 PSYoungGen      total 29696K, used 2979K [0x00000000eab00000, 0x00000000ecc00000, 0x0000000100000000)
  eden space 25600K, 0% used [0x00000000eab00000,0x00000000eab00000,0x00000000ec400000)
  from space 4096K, 72% used [0x00000000ec400000,0x00000000ec6e8c90,0x00000000ec800000)
  to   space 4096K, 0% used [0x00000000ec800000,0x00000000ec800000,0x00000000ecc00000)
 ParOldGen       total 68608K, used 16K [0x00000000c0000000, 0x00000000c4300000, 0x00000000eab00000)
  object space 68608K, 0% used [0x00000000c0000000,0x00000000c0004000,0x00000000c4300000)
 Metaspace       used 10024K, committed 10240K, reserved 1064960K
  class space    used 1005K, committed 1088K, reserved 1048576K
}
Event: 3.527 GC heap before
{Heap before GC invocations=2 (full 0):
 PSYoungGen      total 29696K, used 28579K [0x00000000eab00000, 0x00000000ecc00000, 0x0000000100000000)
  eden space 25600K, 100% used [0x00000000eab00000,0x00000000ec400000,0x00000000ec400000)
  from space 4096K, 72% used [0x00000000ec400000,0x00000000ec6e8c90,0x00000000ec800000)
  to   space 4096K, 0% used [0x00000000ec800000,0x00000000ec800000,0x00000000ecc00000)
 ParOldGen       total 68608K, used 16K [0x00000000c0000000, 0x00000000c4300000, 0x00000000eab00000)
  object space 68608K, 0% used [0x00000000c0000000,0x00000000c0004000,0x00000000c4300000)
 Metaspace       used 13577K, committed 13696K, reserved 1064960K
  class space    used 1360K, committed 1408K, reserved 1048576K
}
Event: 3.536 GC heap after
{Heap after GC invocations=2 (full 0):
 PSYoungGen      total 29696K, used 4071K [0x00000000eab00000, 0x00000000ecc00000, 0x0000000100000000)
  eden space 25600K, 0% used [0x00000000eab00000,0x00000000eab00000,0x00000000ec400000)
  from space 4096K, 99% used [0x00000000ec800000,0x00000000ecbf9d18,0x00000000ecc00000)
  to   space 4096K, 0% used [0x00000000ec400000,0x00000000ec400000,0x00000000ec800000)
 ParOldGen       total 68608K, used 554K [0x00000000c0000000, 0x00000000c4300000, 0x00000000eab00000)
  object space 68608K, 0% used [0x00000000c0000000,0x00000000c008ab60,0x00000000c4300000)
 Metaspace       used 13577K, committed 13696K, reserved 1064960K
  class space    used 1360K, committed 1408K, reserved 1048576K
}
Event: 4.829 GC heap before
{Heap before GC invocations=3 (full 0):
 PSYoungGen      total 29696K, used 29671K [0x00000000eab00000, 0x00000000ecc00000, 0x0000000100000000)
  eden space 25600K, 100% used [0x00000000eab00000,0x00000000ec400000,0x00000000ec400000)
  from space 4096K, 99% used [0x00000000ec800000,0x00000000ecbf9d18,0x00000000ecc00000)
  to   space 4096K, 0% used [0x00000000ec400000,0x00000000ec400000,0x00000000ec800000)
 ParOldGen       total 68608K, used 554K [0x00000000c0000000, 0x00000000c4300000, 0x00000000eab00000)
  object space 68608K, 0% used [0x00000000c0000000,0x00000000c008ab60,0x00000000c4300000)
 Metaspace       used 16614K, committed 16896K, reserved 1064960K
  class space    used 1700K, committed 1856K, reserved 1048576K
}
Event: 4.844 GC heap after
{Heap after GC invocations=3 (full 0):
 PSYoungGen      total 29696K, used 4065K [0x00000000eab00000, 0x00000000ecc00000, 0x0000000100000000)
  eden space 25600K, 0% used [0x00000000eab00000,0x00000000eab00000,0x00000000ec400000)
  from space 4096K, 99% used [0x00000000ec400000,0x00000000ec7f8610,0x00000000ec800000)
  to   space 4096K, 0% used [0x00000000ec800000,0x00000000ec800000,0x00000000ecc00000)
 ParOldGen       total 68608K, used 2411K [0x00000000c0000000, 0x00000000c4300000, 0x00000000eab00000)
  object space 68608K, 3% used [0x00000000c0000000,0x00000000c025aee8,0x00000000c4300000)
 Metaspace       used 16614K, committed 16896K, reserved 1064960K
  class space    used 1700K, committed 1856K, reserved 1048576K
}
Event: 6.300 GC heap before
{Heap before GC invocations=4 (full 0):
 PSYoungGen      total 29696K, used 26615K [0x00000000eab00000, 0x00000000ecc00000, 0x0000000100000000)
  eden space 25600K, 88% used [0x00000000eab00000,0x00000000ec1056f0,0x00000000ec400000)
  from space 4096K, 99% used [0x00000000ec400000,0x00000000ec7f8610,0x00000000ec800000)
  to   space 4096K, 0% used [0x00000000ec800000,0x00000000ec800000,0x00000000ecc00000)
 ParOldGen       total 68608K, used 2411K [0x00000000c0000000, 0x00000000c4300000, 0x00000000eab00000)
  object space 68608K, 3% used [0x00000000c0000000,0x00000000c025aee8,0x00000000c4300000)
 Metaspace       used 21193K, committed 21504K, reserved 1073152K
  class space    used 2146K, committed 2304K, reserved 1048576K
}
Event: 6.310 GC heap after
{Heap after GC invocations=4 (full 0):
 PSYoungGen      total 29696K, used 4073K [0x00000000eab00000, 0x00000000ecc00000, 0x0000000100000000)
  eden space 25600K, 0% used [0x00000000eab00000,0x00000000eab00000,0x00000000ec400000)
  from space 4096K, 99% used [0x00000000ec800000,0x00000000ecbfa790,0x00000000ecc00000)
  to   space 4096K, 0% used [0x00000000ec400000,0x00000000ec400000,0x00000000ec800000)
 ParOldGen       total 68608K, used 4396K [0x00000000c0000000, 0x00000000c4300000, 0x00000000eab00000)
  object space 68608K, 6% used [0x00000000c0000000,0x00000000c044b178,0x00000000c4300000)
 Metaspace       used 21193K, committed 21504K, reserved 1073152K
  class space    used 2146K, committed 2304K, reserved 1048576K
}
Event: 6.310 GC heap before
{Heap before GC invocations=5 (full 1):
 PSYoungGen      total 29696K, used 4073K [0x00000000eab00000, 0x00000000ecc00000, 0x0000000100000000)
  eden space 25600K, 0% used [0x00000000eab00000,0x00000000eab00000,0x00000000ec400000)
  from space 4096K, 99% used [0x00000000ec800000,0x00000000ecbfa790,0x00000000ecc00000)
  to   space 4096K, 0% used [0x00000000ec400000,0x00000000ec400000,0x00000000ec800000)
 ParOldGen       total 68608K, used 4396K [0x00000000c0000000, 0x00000000c4300000, 0x00000000eab00000)
  object space 68608K, 6% used [0x00000000c0000000,0x00000000c044b178,0x00000000c4300000)
 Metaspace       used 21193K, committed 21504K, reserved 1073152K
  class space    used 2146K, committed 2304K, reserved 1048576K
}
Event: 6.363 GC heap after
{Heap after GC invocations=5 (full 1):
 PSYoungGen      total 29696K, used 0K [0x00000000eab00000, 0x00000000ecc00000, 0x0000000100000000)
  eden space 25600K, 0% used [0x00000000eab00000,0x00000000eab00000,0x00000000ec400000)
  from space 4096K, 0% used [0x00000000ec800000,0x00000000ec800000,0x00000000ecc00000)
  to   space 4096K, 0% used [0x00000000ec400000,0x00000000ec400000,0x00000000ec800000)
 ParOldGen       total 68608K, used 8279K [0x00000000c0000000, 0x00000000c4300000, 0x00000000eab00000)
  object space 68608K, 12% used [0x00000000c0000000,0x00000000c0815c78,0x00000000c4300000)
 Metaspace       used 21193K, committed 21504K, reserved 1073152K
  class space    used 2146K, committed 2304K, reserved 1048576K
}
Event: 6.944 GC heap before
{Heap before GC invocations=6 (full 1):
 PSYoungGen      total 29696K, used 25600K [0x00000000eab00000, 0x00000000ecc00000, 0x0000000100000000)
  eden space 25600K, 100% used [0x00000000eab00000,0x00000000ec400000,0x00000000ec400000)
  from space 4096K, 0% used [0x00000000ec800000,0x00000000ec800000,0x00000000ecc00000)
  to   space 4096K, 0% used [0x00000000ec400000,0x00000000ec400000,0x00000000ec800000)
 ParOldGen       total 68608K, used 8279K [0x00000000c0000000, 0x00000000c4300000, 0x00000000eab00000)
  object space 68608K, 12% used [0x00000000c0000000,0x00000000c0815c78,0x00000000c4300000)
 Metaspace       used 25259K, committed 25664K, reserved 1073152K
  class space    used 2460K, committed 2624K, reserved 1048576K
}
Event: 6.946 GC heap after
{Heap after GC invocations=6 (full 1):
 PSYoungGen      total 25600K, used 288K [0x00000000eab00000, 0x00000000ec880000, 0x0000000100000000)
  eden space 25088K, 0% used [0x00000000eab00000,0x00000000eab00000,0x00000000ec380000)
  from space 512K, 56% used [0x00000000ec400000,0x00000000ec448000,0x00000000ec480000)
  to   space 2560K, 0% used [0x00000000ec600000,0x00000000ec600000,0x00000000ec880000)
 ParOldGen       total 68608K, used 8287K [0x00000000c0000000, 0x00000000c4300000, 0x00000000eab00000)
  object space 68608K, 12% used [0x00000000c0000000,0x00000000c0817c78,0x00000000c4300000)
 Metaspace       used 25259K, committed 25664K, reserved 1073152K
  class space    used 2460K, committed 2624K, reserved 1048576K
}

Deoptimization events (20 events):
Event: 6.007 Thread 0x0000015603cef720 DEOPT PACKING pc=0x00000156709e421e sp=0x00000006b91f45e0
Event: 6.007 Thread 0x0000015603cef720 DEOPT UNPACKING pc=0x00000156703c2824 sp=0x00000006b91f3ad8 mode 0
Event: 6.024 Thread 0x0000015603cef720 Uncommon trap: trap_request=0xffffff45 fr.pc=0x0000015677e73a80 relative=0x0000000000000b00
Event: 6.024 Thread 0x0000015603cef720 Uncommon trap: reason=unstable_if action=reinterpret pc=0x0000015677e73a80 method=lombok.patcher.PatchScript.classMatches(Ljava/lang/String;Ljava/util/Collection;)Z @ 25 c2
Event: 6.024 Thread 0x0000015603cef720 DEOPT PACKING pc=0x0000015677e73a80 sp=0x00000006b91f2620
Event: 6.024 Thread 0x0000015603cef720 DEOPT UNPACKING pc=0x00000156703c209d sp=0x00000006b91f25e0 mode 2
Event: 6.106 Thread 0x0000015603cef720 Uncommon trap: trap_request=0xffffff45 fr.pc=0x0000015677f0c624 relative=0x00000000000009e4
Event: 6.106 Thread 0x0000015603cef720 Uncommon trap: reason=unstable_if action=reinterpret pc=0x0000015677f0c624 method=java.util.HashMap.putVal(ILjava/lang/Object;Ljava/lang/Object;ZZ)Ljava/lang/Object; @ 236 c2
Event: 6.106 Thread 0x0000015603cef720 DEOPT PACKING pc=0x0000015677f0c624 sp=0x00000006b91f4730
Event: 6.106 Thread 0x0000015603cef720 DEOPT UNPACKING pc=0x00000156703c209d sp=0x00000006b91f46a8 mode 2
Event: 6.686 Thread 0x0000015603cef720 DEOPT PACKING pc=0x0000015670e326ce sp=0x00000006b91f9520
Event: 6.687 Thread 0x0000015603cef720 DEOPT UNPACKING pc=0x00000156703c2824 sp=0x00000006b91f8968 mode 0
Event: 7.140 Thread 0x0000015603cef720 Uncommon trap: trap_request=0xffffff45 fr.pc=0x0000015677f07b68 relative=0x0000000000000cc8
Event: 7.140 Thread 0x0000015603cef720 Uncommon trap: reason=unstable_if action=reinterpret pc=0x0000015677f07b68 method=java.util.Properties.loadConvert([CIILjava/lang/StringBuilder;)Ljava/lang/String; @ 463 c2
Event: 7.140 Thread 0x0000015603cef720 DEOPT PACKING pc=0x0000015677f07b68 sp=0x00000006b91f8360
Event: 7.140 Thread 0x0000015603cef720 DEOPT UNPACKING pc=0x00000156703c209d sp=0x00000006b91f8340 mode 2
Event: 7.149 Thread 0x0000015603cef720 Uncommon trap: trap_request=0xffffff45 fr.pc=0x0000015677f473bc relative=0x000000000000021c
Event: 7.149 Thread 0x0000015603cef720 Uncommon trap: reason=unstable_if action=reinterpret pc=0x0000015677f473bc method=java.util.WeakHashMap.expungeStaleEntries()V @ 9 c2
Event: 7.149 Thread 0x0000015603cef720 DEOPT PACKING pc=0x0000015677f473bc sp=0x00000006b91fa560
Event: 7.149 Thread 0x0000015603cef720 DEOPT UNPACKING pc=0x00000156703c209d sp=0x00000006b91fa4f8 mode 2

Classes unloaded (0 events):
No events

Classes redefined (0 events):
No events

Internal exceptions (20 events):
Event: 5.508 Thread 0x0000015603cef720 Exception <a 'java/lang/NullPointerException'{0x00000000eb1cf228}> (0x00000000eb1cf228) 
thrown [e:\jenkins\tmp\workspace\build\src\src\hotspot\share\interpreter\linkResolver.cpp, line 1357]
Event: 5.508 Thread 0x0000015603cef720 Exception <a 'java/lang/NullPointerException'{0x00000000eb1cfa50}> (0x00000000eb1cfa50) 
thrown [e:\jenkins\tmp\workspace\build\src\src\hotspot\share\interpreter\linkResolver.cpp, line 1357]
Event: 5.860 Thread 0x0000015603cef720 Exception <a 'java/lang/NoSuchMethodError'{0x00000000eb8824d8}: 'void java.lang.invoke.DirectMethodHandle$Holder.invokeInterface(java.lang.Object, java.lang.Object, java.lang.Object)'> (0x00000000eb8824d8) 
thrown [e:\jenkins\tmp\workspace\build\src\src\hotspot\share\interpreter\linkResolver.cpp, line 766]
Event: 6.077 Thread 0x0000015603cef720 Exception <a 'java/io/FileNotFoundException'{0x00000000ebc5a0d8}> (0x00000000ebc5a0d8) 
thrown [e:\jenkins\tmp\workspace\build\src\src\hotspot\share\prims\jni.cpp, line 516]
Event: 6.079 Thread 0x0000015603cef720 Exception <a 'java/lang/NoSuchMethodError'{0x00000000ebc65720}: 'void java.lang.invoke.DirectMethodHandle$Holder.invokeSpecial(java.lang.Object, java.lang.Object, java.lang.Object)'> (0x00000000ebc65720) 
thrown [e:\jenkins\tmp\workspace\build\src\src\hotspot\share\interpreter\linkResolver.cpp, line 766]
Event: 6.083 Thread 0x0000015603cef720 Exception <a 'java/io/FileNotFoundException'{0x00000000ebc72fd8}> (0x00000000ebc72fd8) 
thrown [e:\jenkins\tmp\workspace\build\src\src\hotspot\share\prims\jni.cpp, line 516]
Event: 6.372 Thread 0x0000015603cef720 Exception <a 'java/lang/IncompatibleClassChangeError'{0x00000000eab58de8}: Found class java.lang.Object, but interface was expected> (0x00000000eab58de8) 
thrown [e:\jenkins\tmp\workspace\build\src\src\hotspot\share\interpreter\linkResolver.cpp, line 833]
Event: 6.687 Thread 0x0000015603cef720 Exception <a 'java/io/FileNotFoundException'{0x00000000eb9578f0}> (0x00000000eb9578f0) 
thrown [e:\jenkins\tmp\workspace\build\src\src\hotspot\share\prims\jni.cpp, line 516]
Event: 6.687 Thread 0x0000015603cef720 Exception <a 'java/io/FileNotFoundException'{0x00000000eb958738}> (0x00000000eb958738) 
thrown [e:\jenkins\tmp\workspace\build\src\src\hotspot\share\prims\jni.cpp, line 516]
Event: 6.687 Thread 0x0000015603cef720 Exception <a 'java/io/FileNotFoundException'{0x00000000eb959590}> (0x00000000eb959590) 
thrown [e:\jenkins\tmp\workspace\build\src\src\hotspot\share\prims\jni.cpp, line 516]
Event: 6.877 Thread 0x0000015603cef720 Exception <a 'java/lang/NoSuchMethodError'{0x00000000ec146348}: 'int java.lang.invoke.DirectMethodHandle$Holder.invokeStaticInit(java.lang.Object, java.lang.Object, java.lang.Object)'> (0x00000000ec146348) 
thrown [e:\jenkins\tmp\workspace\build\src\src\hotspot\share\interpreter\linkResolver.cpp, line 766]
Event: 7.054 Thread 0x0000015603cef720 Exception <a 'java/io/FileNotFoundException'{0x00000000eb1de300}> (0x00000000eb1de300) 
thrown [e:\jenkins\tmp\workspace\build\src\src\hotspot\share\prims\jni.cpp, line 516]
Event: 7.115 Thread 0x0000015603cef720 Exception <a 'java/io/FileNotFoundException'{0x00000000ebb950a0}> (0x00000000ebb950a0) 
thrown [e:\jenkins\tmp\workspace\build\src\src\hotspot\share\prims\jni.cpp, line 516]
Event: 7.187 Thread 0x0000015603cef720 Exception <a 'sun/nio/fs/WindowsException'{0x00000000ebd846c0}> (0x00000000ebd846c0) 
thrown [e:\jenkins\tmp\workspace\build\src\src\hotspot\share\prims\jni.cpp, line 516]
Event: 7.188 Thread 0x0000015603cef720 Exception <a 'sun/nio/fs/WindowsException'{0x00000000ebd8c628}> (0x00000000ebd8c628) 
thrown [e:\jenkins\tmp\workspace\build\src\src\hotspot\share\prims\jni.cpp, line 516]
Event: 7.189 Thread 0x0000015603cef720 Exception <a 'sun/nio/fs/WindowsException'{0x00000000ebd921e8}> (0x00000000ebd921e8) 
thrown [e:\jenkins\tmp\workspace\build\src\src\hotspot\share\prims\jni.cpp, line 516]
Event: 7.189 Thread 0x0000015603cef720 Exception <a 'sun/nio/fs/WindowsException'{0x00000000ebd92f28}> (0x00000000ebd92f28) 
thrown [e:\jenkins\tmp\workspace\build\src\src\hotspot\share\prims\jni.cpp, line 516]
Event: 7.215 Thread 0x0000015603cef720 Exception <a 'sun/nio/fs/WindowsException'{0x00000000ebe3cee0}> (0x00000000ebe3cee0) 
thrown [e:\jenkins\tmp\workspace\build\src\src\hotspot\share\prims\jni.cpp, line 516]
Event: 7.215 Thread 0x0000015603cef720 Exception <a 'sun/nio/fs/WindowsException'{0x00000000ebe3d4b0}> (0x00000000ebe3d4b0) 
thrown [e:\jenkins\tmp\workspace\build\src\src\hotspot\share\prims\jni.cpp, line 516]
Event: 7.222 Thread 0x0000015603cef720 Exception <a 'java/io/FileNotFoundException'{0x00000000ebe5d6c8}> (0x00000000ebe5d6c8) 
thrown [e:\jenkins\tmp\workspace\build\src\src\hotspot\share\prims\jni.cpp, line 516]

VM Operations (20 events):
Event: 3.831 Executing VM operation: HandshakeAllThreads
Event: 3.831 Executing VM operation: HandshakeAllThreads done
Event: 4.121 Executing VM operation: ICBufferFull
Event: 4.121 Executing VM operation: ICBufferFull done
Event: 4.419 Executing VM operation: HandshakeAllThreads
Event: 4.419 Executing VM operation: HandshakeAllThreads done
Event: 4.829 Executing VM operation: ParallelGCFailedAllocation
Event: 4.845 Executing VM operation: ParallelGCFailedAllocation done
Event: 5.662 Executing VM operation: HandshakeAllThreads
Event: 5.662 Executing VM operation: HandshakeAllThreads done
Event: 5.800 Executing VM operation: HandshakeAllThreads
Event: 5.801 Executing VM operation: HandshakeAllThreads done
Event: 5.808 Executing VM operation: HandshakeAllThreads
Event: 5.808 Executing VM operation: HandshakeAllThreads done
Event: 6.300 Executing VM operation: CollectForMetadataAllocation
Event: 6.363 Executing VM operation: CollectForMetadataAllocation done
Event: 6.944 Executing VM operation: ParallelGCFailedAllocation
Event: 6.946 Executing VM operation: ParallelGCFailedAllocation done
Event: 7.225 Executing VM operation: HandshakeAllThreads
Event: 7.225 Executing VM operation: HandshakeAllThreads done

Events (20 events):
Event: 7.203 loading class sun/util/resources/cldr/TimeZoneNames_en
Event: 7.205 loading class sun/util/resources/cldr/TimeZoneNames_en done
Event: 7.205 loading class sun/util/resources/cldr/TimeZoneNames_en_US
Event: 7.205 loading class sun/util/resources/cldr/TimeZoneNames_en_US done
Event: 7.207 loading class sun/util/resources/TimeZoneNames
Event: 7.209 loading class sun/util/resources/TimeZoneNames done
Event: 7.210 loading class sun/util/resources/TimeZoneNames_en
Event: 7.210 loading class sun/util/resources/TimeZoneNames_en done
Event: 7.224 loading class java/lang/ProcessEnvironment
Event: 7.224 loading class java/lang/ProcessEnvironment done
Event: 7.225 loading class java/lang/ProcessEnvironment$NameComparator
Event: 7.226 loading class java/lang/ProcessEnvironment$NameComparator done
Event: 7.226 loading class java/lang/ProcessEnvironment$EntryComparator
Event: 7.226 loading class java/lang/ProcessEnvironment$EntryComparator done
Event: 7.226 loading class java/lang/ProcessEnvironment$CheckedEntrySet
Event: 7.226 loading class java/lang/ProcessEnvironment$CheckedEntrySet done
Event: 7.227 loading class java/lang/ProcessEnvironment$CheckedEntrySet$1
Event: 7.227 loading class java/lang/ProcessEnvironment$CheckedEntrySet$1 done
Event: 7.227 loading class java/lang/ProcessEnvironment$CheckedEntry
Event: 7.227 loading class java/lang/ProcessEnvironment$CheckedEntry done


Dynamic libraries:
0x00007ff69a5d0000 - 0x00007ff69a5de000 	c:\Users\robert\.vscode\extensions\redhat.java-1.8.0-win32-x64\jre\17.0.3-win32-x86_64\bin\java.exe
0x00007ffafdbd0000 - 0x00007ffafddc5000 	C:\Windows\SYSTEM32\ntdll.dll
0x00007ffafce40000 - 0x00007ffafcefd000 	C:\Windows\System32\KERNEL32.DLL
0x00007ffafb380000 - 0x00007ffafb649000 	C:\Windows\System32\KERNELBASE.dll
0x00007ffafb6f0000 - 0x00007ffafb7f0000 	C:\Windows\System32\ucrtbase.dll
0x00007ffaf6800000 - 0x00007ffaf6818000 	c:\Users\robert\.vscode\extensions\redhat.java-1.8.0-win32-x64\jre\17.0.3-win32-x86_64\bin\jli.dll
0x00007ffafbc70000 - 0x00007ffafbe10000 	C:\Windows\System32\USER32.dll
0x00007ffafb350000 - 0x00007ffafb372000 	C:\Windows\System32\win32u.dll
0x00007ffafbe10000 - 0x00007ffafbe3a000 	C:\Windows\System32\GDI32.dll
0x00007ffafb8a0000 - 0x00007ffafb9ab000 	C:\Windows\System32\gdi32full.dll
0x00007ffafb650000 - 0x00007ffafb6ed000 	C:\Windows\System32\msvcp_win.dll
0x00007ffaf0ea0000 - 0x00007ffaf0eb9000 	c:\Users\robert\.vscode\extensions\redhat.java-1.8.0-win32-x64\jre\17.0.3-win32-x86_64\bin\VCRUNTIME140.dll
0x00007ffae95e0000 - 0x00007ffae987a000 	C:\Windows\WinSxS\amd64_microsoft.windows.common-controls_6595b64144ccf1df_6.0.19041.844_none_ca00b6081b84eb1d\COMCTL32.dll
0x00007ffafc040000 - 0x00007ffafc0de000 	C:\Windows\System32\msvcrt.dll
0x00007ffafcf00000 - 0x00007ffafcf30000 	C:\Windows\System32\IMM32.DLL
0x00007ffaf0e90000 - 0x00007ffaf0e9c000 	c:\Users\robert\.vscode\extensions\redhat.java-1.8.0-win32-x64\jre\17.0.3-win32-x86_64\bin\vcruntime140_1.dll
0x00007ffab6750000 - 0x00007ffab67e1000 	c:\Users\robert\.vscode\extensions\redhat.java-1.8.0-win32-x64\jre\17.0.3-win32-x86_64\bin\msvcp140.dll
0x00007ffab57e0000 - 0x00007ffab6428000 	c:\Users\robert\.vscode\extensions\redhat.java-1.8.0-win32-x64\jre\17.0.3-win32-x86_64\bin\server\jvm.dll
0x00007ffafc610000 - 0x00007ffafc6bc000 	C:\Windows\System32\ADVAPI32.dll
0x00007ffafd940000 - 0x00007ffafd9dc000 	C:\Windows\System32\sechost.dll
0x00007ffafbe40000 - 0x00007ffafbf6b000 	C:\Windows\System32\RPCRT4.dll
0x00007ffafc200000 - 0x00007ffafc208000 	C:\Windows\System32\PSAPI.DLL
0x00007ffaeb1f0000 - 0x00007ffaeb1f9000 	C:\Windows\SYSTEM32\WSOCK32.dll
0x00007ffafcb40000 - 0x00007ffafcbab000 	C:\Windows\System32\WS2_32.dll
0x00007ffaf07f0000 - 0x00007ffaf0817000 	C:\Windows\SYSTEM32\WINMM.dll
0x00007ffaf0670000 - 0x00007ffaf067a000 	C:\Windows\SYSTEM32\VERSION.dll
0x00007ffaf91a0000 - 0x00007ffaf91b2000 	C:\Windows\SYSTEM32\kernel.appcore.dll
0x00007ffaf0e80000 - 0x00007ffaf0e8a000 	c:\Users\robert\.vscode\extensions\redhat.java-1.8.0-win32-x64\jre\17.0.3-win32-x86_64\bin\jimage.dll
0x00007ffaeadd0000 - 0x00007ffaeafb4000 	C:\Windows\SYSTEM32\DBGHELP.DLL
0x00007ffaea860000 - 0x00007ffaea88c000 	C:\Windows\SYSTEM32\dbgcore.DLL
0x00007ffafbbf0000 - 0x00007ffafbc70000 	C:\Windows\System32\bcryptPrimitives.dll
0x00007ffaf0e70000 - 0x00007ffaf0e7e000 	c:\Users\robert\.vscode\extensions\redhat.java-1.8.0-win32-x64\jre\17.0.3-win32-x86_64\bin\instrument.dll
0x00007ffaf0e40000 - 0x00007ffaf0e65000 	c:\Users\robert\.vscode\extensions\redhat.java-1.8.0-win32-x64\jre\17.0.3-win32-x86_64\bin\java.dll
0x00007ffaeaa70000 - 0x00007ffaeaa88000 	c:\Users\robert\.vscode\extensions\redhat.java-1.8.0-win32-x64\jre\17.0.3-win32-x86_64\bin\zip.dll
0x00007ffafd140000 - 0x00007ffafd882000 	C:\Windows\System32\SHELL32.dll
0x00007ffaf94b0000 - 0x00007ffaf9c40000 	C:\Windows\SYSTEM32\windows.storage.dll
0x00007ffafc2b0000 - 0x00007ffafc605000 	C:\Windows\System32\combase.dll
0x00007ffafadc0000 - 0x00007ffafadec000 	C:\Windows\SYSTEM32\Wldp.dll
0x00007ffafd890000 - 0x00007ffafd93e000 	C:\Windows\System32\SHCORE.dll
0x00007ffafd0c0000 - 0x00007ffafd115000 	C:\Windows\System32\shlwapi.dll
0x00007ffafb290000 - 0x00007ffafb2af000 	C:\Windows\SYSTEM32\profapi.dll
0x00007ffadf600000 - 0x00007ffadf619000 	C:\Users\robert\.vscode\extensions\redhat.java-1.8.0-win32-x64\jre\17.0.3-win32-x86_64\bin\net.dll
0x00007ffaf12d0000 - 0x00007ffaf13dc000 	C:\Windows\SYSTEM32\WINHTTP.dll
0x00007ffafab40000 - 0x00007ffafabaa000 	C:\Windows\system32\mswsock.dll
0x00007ffadf5e0000 - 0x00007ffadf5f5000 	C:\Users\robert\.vscode\extensions\redhat.java-1.8.0-win32-x64\jre\17.0.3-win32-x86_64\bin\nio.dll
0x00007ffaf0e30000 - 0x00007ffaf0e40000 	c:\Users\robert\.vscode\extensions\redhat.java-1.8.0-win32-x64\jre\17.0.3-win32-x86_64\bin\verify.dll
0x00007ffadea20000 - 0x00007ffadea5e000 	C:\Users\robert\AppData\Roaming\Code\User\globalStorage\redhat.java\1.8.0\config_ss_win\org.eclipse.equinox.launcher\org.eclipse.equinox.launcher.win32.win32.x86_64_1.2.500.v20220509-0833\eclipse_11700.dll
0x00007ffafcf30000 - 0x00007ffafd05a000 	C:\Windows\System32\ole32.dll
0x00007ffaec680000 - 0x00007ffaec689000 	C:\Users\robert\.vscode\extensions\redhat.java-1.8.0-win32-x64\jre\17.0.3-win32-x86_64\bin\management.dll
0x00007ffaeb6c0000 - 0x00007ffaeb6cb000 	C:\Users\robert\.vscode\extensions\redhat.java-1.8.0-win32-x64\jre\17.0.3-win32-x86_64\bin\management_ext.dll

dbghelp: loaded successfully - version: 4.0.5 - missing functions: none
symbol engine: initialized successfully - sym options: 0x614 - pdb path: .;c:\Users\robert\.vscode\extensions\redhat.java-1.8.0-win32-x64\jre\17.0.3-win32-x86_64\bin;C:\Windows\SYSTEM32;C:\Windows\WinSxS\amd64_microsoft.windows.common-controls_6595b64144ccf1df_6.0.19041.844_none_ca00b6081b84eb1d;c:\Users\robert\.vscode\extensions\redhat.java-1.8.0-win32-x64\jre\17.0.3-win32-x86_64\bin\server;C:\Users\robert\AppData\Roaming\Code\User\globalStorage\redhat.java\1.8.0\config_ss_win\org.eclipse.equinox.launcher\org.eclipse.equinox.launcher.win32.win32.x86_64_1.2.500.v20220509-0833

VM Arguments:
jvm_args: --add-modules=ALL-SYSTEM --add-opens=java.base/java.util=ALL-UNNAMED --add-opens=java.base/java.lang=ALL-UNNAMED --add-opens=java.base/sun.nio.fs=ALL-UNNAMED -Declipse.application=org.eclipse.jdt.ls.core.id1 -Dosgi.bundles.defaultStartLevel=4 -Declipse.product=org.eclipse.jdt.ls.core.product -Djava.import.generatesMetadataFilesAtProjectRoot=false -Dfile.encoding=utf8 -DwatchParentProcess=false -XX:+UseParallelGC -XX:GCTimeRatio=4 -XX:AdaptiveSizePolicyWeight=90 -Dsun.zip.disableMemoryMapping=true -Xmx1G -Xms100m -javaagent:c:\Users\robert\.vscode\extensions\gabrielbb.vscode-lombok-1.0.1\server\lombok.jar 
java_command: c:\Users\robert\.vscode\extensions\redhat.java-1.8.0-win32-x64\server\plugins\org.eclipse.equinox.launcher_1.6.400.v20210924-0641.jar -configuration c:\Users\robert\AppData\Roaming\Code\User\globalStorage\redhat.java\1.8.0\config_ss_win -data c:\Users\robert\AppData\Roaming\Code\User\workspaceStorage\a8da6b0431f0f05f5a79e6ea5c48b4d7\redhat.java\ss_ws
java_class_path (initial): c:\Users\robert\.vscode\extensions\redhat.java-1.8.0-win32-x64\server\plugins\org.eclipse.equinox.launcher_1.6.400.v20210924-0641.jar
Launcher Type: SUN_STANDARD

[Global flags]
    uintx AdaptiveSizePolicyWeight                 = 90                                        {product} {command line}
     intx CICompilerCount                          = 3                                         {product} {ergonomic}
    uintx GCTimeRatio                              = 4                                         {product} {command line}
   size_t InitialHeapSize                          = 104857600                                 {product} {command line}
   size_t MaxHeapSize                              = 1073741824                                {product} {command line}
   size_t MaxNewSize                               = 357564416                                 {product} {ergonomic}
   size_t MinHeapDeltaBytes                        = 524288                                    {product} {ergonomic}
   size_t MinHeapSize                              = 104857600                                 {product} {command line}
   size_t NewSize                                  = 34603008                                  {product} {ergonomic}
    uintx NonNMethodCodeHeapSize                   = 5832780                                {pd product} {ergonomic}
    uintx NonProfiledCodeHeapSize                  = 122912730                              {pd product} {ergonomic}
   size_t OldSize                                  = 70254592                                  {product} {ergonomic}
    uintx ProfiledCodeHeapSize                     = 122912730                              {pd product} {ergonomic}
    uintx ReservedCodeCacheSize                    = 251658240                              {pd product} {ergonomic}
     bool SegmentedCodeCache                       = true                                      {product} {ergonomic}
   size_t SoftMaxHeapSize                          = 1073741824                             {manageable} {ergonomic}
     bool UseCompressedClassPointers               = true                           {product lp64_product} {ergonomic}
     bool UseCompressedOops                        = true                           {product lp64_product} {ergonomic}
     bool UseLargePagesIndividualAllocation        = false                                  {pd product} {ergonomic}
     bool UseParallelGC                            = true                                      {product} {command line}

Logging:
Log output configuration:
 #0: stdout all=warning uptime,level,tags
 #1: stderr all=off uptime,level,tags

Environment Variables:
JAVA_HOME=C:\Program Files\java\jdk-11
PATH=C:\Windows\system32;C:\Windows;C:\Windows\System32\Wbem;C:\Windows\System32\WindowsPowerShell\v1.0\;C:\Program Files (x86)\ATI Technologies\ATI.ACE\Core-Static;C:\ProgramData\chocolatey\bin;C:\apache-maven-3.8.4\bin;C:\Program Files\dotnet\;C:\Program Files\Git\cmd;C:\Program Files\PuTTY\;C:\apache-maven-3.8.4\bin;C:\Program Files (x86)\Windows Live\Shared;C:\Users\robert\AppData\Local\Microsoft\WindowsApps;C:\Users\robert\AppData\Local\Programs\Microsoft VS Code\bin;C:\Program Files\java\jdk-11\bin;C:\Users\robert\.dotnet\tools;C:\apache-maven-3.8.4\bin;
USERNAME=robert
OS=Windows_NT
PROCESSOR_IDENTIFIER=AMD64 Family 18 Model 1 Stepping 0, AuthenticAMD



---------------  S Y S T E M  ---------------

OS:
 Windows 10 , 64 bit Build 19041 (10.0.19041.804)
OS uptime: 0 days 0:49 hours

CPU: total 4 (initial active 4) (4 cores per cpu, 1 threads per core) family 18 model 1 stepping 0 microcode 0x0, cx8, cmov, fxsr, mmx, 3dnowpref, sse, sse2, sse3, sse4a, popcnt, lzcnt, tsc, tscinvbit, clflush

Memory: 4k page, system-wide physical 5611M (638M free)
TotalPageFile size 5611M (AvailPageFile size 5M)
current process WorkingSet (physical memory assigned to process): 134M, peak: 134M
current process commit charge ("private bytes"): 229M, peak: 233M

vm_info: OpenJDK 64-Bit Server VM (17.0.3+7) for windows-amd64 JRE (17.0.3+7), built on Apr 19 2022 16:55:35 by "" with MS VC++ 16.7 (VS2019)

END.
